[2.723s] DEBUG:colcon:Command line arguments: ['/usr/bin/colcon', 'build']
[2.723s] DEBUG:colcon:Parsed command line arguments: Namespace(log_base=None, log_level=None, verb_name='build', build_base='build', install_base='install', merge_install=False, symlink_install=False, test_result_base=None, continue_on_error=False, executor='parallel', parallel_workers=4, event_handlers=None, ignore_user_meta=False, metas=['./colcon.meta'], base_paths=['.'], packages_ignore=None, packages_ignore_regex=None, paths=None, packages_up_to=None, packages_up_to_regex=None, packages_above=None, packages_above_and_dependencies=None, packages_above_depth=None, packages_select_by_dep=None, packages_skip_by_dep=None, packages_skip_up_to=None, packages_select_build_failed=False, packages_skip_build_finished=False, packages_select_test_failures=False, packages_skip_test_passed=False, packages_select=None, packages_skip=None, packages_select_regex=None, packages_skip_regex=None, packages_start=None, packages_end=None, allow_overriding=[], cmake_args=None, cmake_target=None, cmake_target_skip_unavailable=False, cmake_clean_cache=False, cmake_clean_first=False, cmake_force_configure=False, ament_cmake_args=None, catkin_cmake_args=None, catkin_skip_building_tests=False, verb_parser=<colcon_defaults.argument_parser.defaults.DefaultArgumentsDecorator object at 0xffffbc010880>, verb_extension=<colcon_core.verb.build.BuildVerb object at 0xffffbc1fcd00>, main=<bound method BuildVerb.main of <colcon_core.verb.build.BuildVerb object at 0xffffbc1fcd00>>)
[2.936s] Level 1:colcon.colcon_core.package_discovery:discover_packages(colcon_meta) check parameters
[2.936s] Level 1:colcon.colcon_core.package_discovery:discover_packages(recursive) check parameters
[2.936s] Level 1:colcon.colcon_core.package_discovery:discover_packages(ignore) check parameters
[2.936s] Level 1:colcon.colcon_core.package_discovery:discover_packages(path) check parameters
[2.937s] Level 1:colcon.colcon_core.package_discovery:discover_packages(colcon_meta) discover
[2.937s] Level 1:colcon.colcon_core.package_discovery:discover_packages(recursive) discover
[2.937s] INFO:colcon.colcon_core.package_discovery:Crawling recursively for packages in '/home/pi/Embedded_Linux_Project/ros2_ws'
[2.937s] Level 1:colcon.colcon_core.package_identification:_identify(.) by extensions ['ignore', 'ignore_ament_install']
[2.938s] Level 1:colcon.colcon_core.package_identification:_identify(.) by extension 'ignore'
[2.938s] Level 1:colcon.colcon_core.package_identification:_identify(.) by extension 'ignore_ament_install'
[2.939s] Level 1:colcon.colcon_core.package_identification:_identify(.) by extensions ['colcon_pkg']
[2.939s] Level 1:colcon.colcon_core.package_identification:_identify(.) by extension 'colcon_pkg'
[2.939s] Level 1:colcon.colcon_core.package_identification:_identify(.) by extensions ['colcon_meta']
[2.939s] Level 1:colcon.colcon_core.package_identification:_identify(.) by extension 'colcon_meta'
[2.939s] Level 1:colcon.colcon_core.package_identification:_identify(.) by extensions ['ros']
[2.940s] Level 1:colcon.colcon_core.package_identification:_identify(.) by extension 'ros'
[2.994s] Level 1:colcon.colcon_core.package_identification:_identify(.) by extensions ['cmake', 'python']
[2.994s] Level 1:colcon.colcon_core.package_identification:_identify(.) by extension 'cmake'
[2.995s] Level 1:colcon.colcon_core.package_identification:_identify(.) by extension 'python'
[2.995s] Level 1:colcon.colcon_core.package_identification:_identify(.) by extensions ['python_setup_py']
[2.995s] Level 1:colcon.colcon_core.package_identification:_identify(.) by extension 'python_setup_py'
[2.996s] Level 1:colcon.colcon_core.package_identification:_identify(build) by extensions ['ignore', 'ignore_ament_install']
[2.996s] Level 1:colcon.colcon_core.package_identification:_identify(build) by extension 'ignore'
[2.996s] Level 1:colcon.colcon_core.package_identification:_identify(build) ignored
[2.997s] Level 1:colcon.colcon_core.package_identification:_identify(install) by extensions ['ignore', 'ignore_ament_install']
[2.998s] Level 1:colcon.colcon_core.package_identification:_identify(install) by extension 'ignore'
[2.998s] Level 1:colcon.colcon_core.package_identification:_identify(install) ignored
[2.999s] Level 1:colcon.colcon_core.package_identification:_identify(log) by extensions ['ignore', 'ignore_ament_install']
[3.000s] Level 1:colcon.colcon_core.package_identification:_identify(log) by extension 'ignore'
[3.000s] Level 1:colcon.colcon_core.package_identification:_identify(log) ignored
[3.001s] Level 1:colcon.colcon_core.package_identification:_identify(src) by extensions ['ignore', 'ignore_ament_install']
[3.001s] Level 1:colcon.colcon_core.package_identification:_identify(src) by extension 'ignore'
[3.001s] Level 1:colcon.colcon_core.package_identification:_identify(src) by extension 'ignore_ament_install'
[3.002s] Level 1:colcon.colcon_core.package_identification:_identify(src) by extensions ['colcon_pkg']
[3.002s] Level 1:colcon.colcon_core.package_identification:_identify(src) by extension 'colcon_pkg'
[3.002s] Level 1:colcon.colcon_core.package_identification:_identify(src) by extensions ['colcon_meta']
[3.002s] Level 1:colcon.colcon_core.package_identification:_identify(src) by extension 'colcon_meta'
[3.002s] Level 1:colcon.colcon_core.package_identification:_identify(src) by extensions ['ros']
[3.003s] Level 1:colcon.colcon_core.package_identification:_identify(src) by extension 'ros'
[3.003s] Level 1:colcon.colcon_core.package_identification:_identify(src) by extensions ['cmake', 'python']
[3.003s] Level 1:colcon.colcon_core.package_identification:_identify(src) by extension 'cmake'
[3.004s] Level 1:colcon.colcon_core.package_identification:_identify(src) by extension 'python'
[3.004s] Level 1:colcon.colcon_core.package_identification:_identify(src) by extensions ['python_setup_py']
[3.004s] Level 1:colcon.colcon_core.package_identification:_identify(src) by extension 'python_setup_py'
[3.005s] Level 1:colcon.colcon_core.package_identification:_identify(src/emli_package) by extensions ['ignore', 'ignore_ament_install']
[3.005s] Level 1:colcon.colcon_core.package_identification:_identify(src/emli_package) by extension 'ignore'
[3.005s] Level 1:colcon.colcon_core.package_identification:_identify(src/emli_package) by extension 'ignore_ament_install'
[3.006s] Level 1:colcon.colcon_core.package_identification:_identify(src/emli_package) by extensions ['colcon_pkg']
[3.006s] Level 1:colcon.colcon_core.package_identification:_identify(src/emli_package) by extension 'colcon_pkg'
[3.006s] Level 1:colcon.colcon_core.package_identification:_identify(src/emli_package) by extensions ['colcon_meta']
[3.006s] Level 1:colcon.colcon_core.package_identification:_identify(src/emli_package) by extension 'colcon_meta'
[3.007s] Level 1:colcon.colcon_core.package_identification:_identify(src/emli_package) by extensions ['ros']
[3.007s] Level 1:colcon.colcon_core.package_identification:_identify(src/emli_package) by extension 'ros'
[3.023s] DEBUG:colcon.colcon_core.package_identification:Package 'src/emli_package' with type 'ros.ament_python' and name 'emli_package'
[3.023s] Level 1:colcon.colcon_core.package_discovery:discover_packages(recursive) using defaults
[3.024s] Level 1:colcon.colcon_core.package_discovery:discover_packages(ignore) discover
[3.024s] Level 1:colcon.colcon_core.package_discovery:discover_packages(ignore) using defaults
[3.024s] Level 1:colcon.colcon_core.package_discovery:discover_packages(path) discover
[3.024s] Level 1:colcon.colcon_core.package_discovery:discover_packages(path) using defaults
[3.161s] Level 1:colcon.colcon_core.package_discovery:discover_packages(prefix_path) check parameters
[3.161s] Level 1:colcon.colcon_core.package_discovery:discover_packages(prefix_path) discover
[3.187s] DEBUG:colcon.colcon_installed_package_information.package_discovery:Found 224 installed packages in /opt/ros/humble
[3.193s] Level 1:colcon.colcon_core.package_discovery:discover_packages(prefix_path) using defaults
[3.482s] Level 5:colcon.colcon_core.verb:set package 'emli_package' build argument 'cmake_args' from command line to 'None'
[3.482s] Level 5:colcon.colcon_core.verb:set package 'emli_package' build argument 'cmake_target' from command line to 'None'
[3.482s] Level 5:colcon.colcon_core.verb:set package 'emli_package' build argument 'cmake_target_skip_unavailable' from command line to 'False'
[3.482s] Level 5:colcon.colcon_core.verb:set package 'emli_package' build argument 'cmake_clean_cache' from command line to 'False'
[3.483s] Level 5:colcon.colcon_core.verb:set package 'emli_package' build argument 'cmake_clean_first' from command line to 'False'
[3.483s] Level 5:colcon.colcon_core.verb:set package 'emli_package' build argument 'cmake_force_configure' from command line to 'False'
[3.483s] Level 5:colcon.colcon_core.verb:set package 'emli_package' build argument 'ament_cmake_args' from command line to 'None'
[3.483s] Level 5:colcon.colcon_core.verb:set package 'emli_package' build argument 'catkin_cmake_args' from command line to 'None'
[3.483s] Level 5:colcon.colcon_core.verb:set package 'emli_package' build argument 'catkin_skip_building_tests' from command line to 'False'
[3.483s] DEBUG:colcon.colcon_core.verb:Building package 'emli_package' with the following arguments: {'ament_cmake_args': None, 'build_base': '/home/pi/Embedded_Linux_Project/ros2_ws/build/emli_package', 'catkin_cmake_args': None, 'catkin_skip_building_tests': False, 'cmake_args': None, 'cmake_clean_cache': False, 'cmake_clean_first': False, 'cmake_force_configure': False, 'cmake_target': None, 'cmake_target_skip_unavailable': False, 'install_base': '/home/pi/Embedded_Linux_Project/ros2_ws/install/emli_package', 'merge_install': False, 'path': '/home/pi/Embedded_Linux_Project/ros2_ws/src/emli_package', 'symlink_install': False, 'test_result_base': None}
[3.487s] INFO:colcon.colcon_core.executor:Executing jobs using 'parallel' executor
[3.501s] DEBUG:colcon.colcon_parallel_executor.executor.parallel:run_until_complete
[3.501s] INFO:colcon.colcon_ros.task.ament_python.build:Building ROS package in '/home/pi/Embedded_Linux_Project/ros2_ws/src/emli_package' with build type 'ament_python'
[3.502s] Level 1:colcon.colcon_core.shell:create_environment_hook('emli_package', 'ament_prefix_path')
[3.539s] INFO:colcon.colcon_core.plugin_system:Skipping extension 'colcon_core.shell.bat': Not used on non-Windows systems
[3.540s] INFO:colcon.colcon_core.shell:Creating environment hook '/home/pi/Embedded_Linux_Project/ros2_ws/install/emli_package/share/emli_package/hook/ament_prefix_path.ps1'
[3.544s] INFO:colcon.colcon_core.shell:Creating environment descriptor '/home/pi/Embedded_Linux_Project/ros2_ws/install/emli_package/share/emli_package/hook/ament_prefix_path.dsv'
[3.548s] INFO:colcon.colcon_core.shell:Creating environment hook '/home/pi/Embedded_Linux_Project/ros2_ws/install/emli_package/share/emli_package/hook/ament_prefix_path.sh'
[3.557s] INFO:colcon.colcon_core.shell:Skip shell extension 'powershell' for command environment: Not usable outside of PowerShell
[3.557s] DEBUG:colcon.colcon_core.shell:Skip shell extension 'dsv' for command environment
[5.230s] WARNING:colcon.colcon_ros.task.ament_python.build:Package 'emli_package' doesn't explicitly install a marker in the package index (colcon-ros currently does it implicitly but that fallback will be removed in the future)
[5.231s] WARNING:colcon.colcon_ros.task.ament_python.build:Package 'emli_package' doesn't explicitly install the 'package.xml' file (colcon-ros currently does it implicitly but that fallback will be removed in the future)
[5.233s] INFO:colcon.colcon_core.task.python.build:Building Python package in '/home/pi/Embedded_Linux_Project/ros2_ws/src/emli_package'
[5.239s] INFO:colcon.colcon_core.shell:Skip shell extension 'powershell' for command environment: Not usable outside of PowerShell
[5.239s] DEBUG:colcon.colcon_core.shell:Skip shell extension 'dsv' for command environment
[7.591s] DEBUG:colcon.colcon_core.event_handler.log_command:Invoking command in '/home/pi/Embedded_Linux_Project/ros2_ws/src/emli_package': PYTHONPATH=/home/pi/Embedded_Linux_Project/ros2_ws/build/emli_package/prefix_override:/home/pi/Embedded_Linux_Project/ros2_ws/install/emli_package/lib/python3.10/site-packages:${PYTHONPATH} /usr/bin/python3 setup.py egg_info --egg-base ../../build/emli_package build --build-base /home/pi/Embedded_Linux_Project/ros2_ws/build/emli_package/build install --record /home/pi/Embedded_Linux_Project/ros2_ws/build/emli_package/install.log --single-version-externally-managed
[9.485s] DEBUG:colcon.colcon_core.event_handler.log_command:Invoked command in '/home/pi/Embedded_Linux_Project/ros2_ws/src/emli_package' returned '0': PYTHONPATH=/home/pi/Embedded_Linux_Project/ros2_ws/build/emli_package/prefix_override:/home/pi/Embedded_Linux_Project/ros2_ws/install/emli_package/lib/python3.10/site-packages:${PYTHONPATH} /usr/bin/python3 setup.py egg_info --egg-base ../../build/emli_package build --build-base /home/pi/Embedded_Linux_Project/ros2_ws/build/emli_package/build install --record /home/pi/Embedded_Linux_Project/ros2_ws/build/emli_package/install.log --single-version-externally-managed
[9.524s] Level 1:colcon.colcon_core.environment:checking '/home/pi/Embedded_Linux_Project/ros2_ws/install/emli_package' for CMake module files
[9.527s] Level 1:colcon.colcon_core.environment:checking '/home/pi/Embedded_Linux_Project/ros2_ws/install/emli_package' for CMake config files
[9.532s] Level 1:colcon.colcon_core.environment:checking '/home/pi/Embedded_Linux_Project/ros2_ws/install/emli_package/lib'
[9.533s] Level 1:colcon.colcon_core.environment:checking '/home/pi/Embedded_Linux_Project/ros2_ws/install/emli_package/bin'
[9.534s] Level 1:colcon.colcon_core.environment:checking '/home/pi/Embedded_Linux_Project/ros2_ws/install/emli_package/lib/pkgconfig/emli_package.pc'
[9.535s] Level 1:colcon.colcon_core.environment:checking '/home/pi/Embedded_Linux_Project/ros2_ws/install/emli_package/lib/python3.10/site-packages'
[9.535s] Level 1:colcon.colcon_core.shell:create_environment_hook('emli_package', 'pythonpath')
[9.541s] INFO:colcon.colcon_core.shell:Creating environment hook '/home/pi/Embedded_Linux_Project/ros2_ws/install/emli_package/share/emli_package/hook/pythonpath.ps1'
[9.544s] INFO:colcon.colcon_core.shell:Creating environment descriptor '/home/pi/Embedded_Linux_Project/ros2_ws/install/emli_package/share/emli_package/hook/pythonpath.dsv'
[9.546s] INFO:colcon.colcon_core.shell:Creating environment hook '/home/pi/Embedded_Linux_Project/ros2_ws/install/emli_package/share/emli_package/hook/pythonpath.sh'
[9.549s] Level 1:colcon.colcon_core.environment:checking '/home/pi/Embedded_Linux_Project/ros2_ws/install/emli_package/bin'
[9.550s] Level 1:colcon.colcon_core.environment:create_environment_scripts_only(emli_package)
[9.556s] INFO:colcon.colcon_core.shell:Creating package script '/home/pi/Embedded_Linux_Project/ros2_ws/install/emli_package/share/emli_package/package.ps1'
[9.561s] INFO:colcon.colcon_core.shell:Creating package descriptor '/home/pi/Embedded_Linux_Project/ros2_ws/install/emli_package/share/emli_package/package.dsv'
[9.565s] INFO:colcon.colcon_core.shell:Creating package script '/home/pi/Embedded_Linux_Project/ros2_ws/install/emli_package/share/emli_package/package.sh'
[9.569s] INFO:colcon.colcon_core.shell:Creating package script '/home/pi/Embedded_Linux_Project/ros2_ws/install/emli_package/share/emli_package/package.bash'
[9.574s] INFO:colcon.colcon_core.shell:Creating package script '/home/pi/Embedded_Linux_Project/ros2_ws/install/emli_package/share/emli_package/package.zsh'
[9.579s] Level 1:colcon.colcon_core.environment:create_file_with_runtime_dependencies(/home/pi/Embedded_Linux_Project/ros2_ws/install/emli_package/share/colcon-core/packages/emli_package)
[9.581s] DEBUG:colcon.colcon_parallel_executor.executor.parallel:closing loop
[9.582s] DEBUG:colcon.colcon_parallel_executor.executor.parallel:loop closed
[9.582s] DEBUG:colcon.colcon_parallel_executor.executor.parallel:run_until_complete finished with '0'
[9.583s] DEBUG:colcon.colcon_core.event_reactor:joining thread
[9.612s] INFO:colcon.colcon_core.plugin_system:Skipping extension 'colcon_notification.desktop_notification.terminal_notifier': Not used on non-Darwin systems
[9.612s] INFO:colcon.colcon_core.plugin_system:Skipping extension 'colcon_notification.desktop_notification.win32': Not used on non-Windows systems
[9.613s] INFO:colcon.colcon_notification.desktop_notification:Sending desktop notification using 'notify2'
[9.618s] DEBUG:colcon.colcon_notification.desktop_notification.notify2:Failed to initialize notify2: org.freedesktop.DBus.Error.ServiceUnknown: The name org.freedesktop.Notifications was not provided by any .service files
[9.619s] DEBUG:colcon.colcon_core.event_reactor:joined thread
[9.625s] INFO:colcon.colcon_core.shell:Creating prefix script '/home/pi/Embedded_Linux_Project/ros2_ws/install/local_setup.ps1'
[9.631s] INFO:colcon.colcon_core.shell:Creating prefix util module '/home/pi/Embedded_Linux_Project/ros2_ws/install/_local_setup_util_ps1.py'
[9.638s] INFO:colcon.colcon_core.shell:Creating prefix chain script '/home/pi/Embedded_Linux_Project/ros2_ws/install/setup.ps1'
[9.645s] INFO:colcon.colcon_core.shell:Creating prefix script '/home/pi/Embedded_Linux_Project/ros2_ws/install/local_setup.sh'
[9.649s] INFO:colcon.colcon_core.shell:Creating prefix util module '/home/pi/Embedded_Linux_Project/ros2_ws/install/_local_setup_util_sh.py'
[9.652s] INFO:colcon.colcon_core.shell:Creating prefix chain script '/home/pi/Embedded_Linux_Project/ros2_ws/install/setup.sh'
[9.661s] INFO:colcon.colcon_core.shell:Creating prefix script '/home/pi/Embedded_Linux_Project/ros2_ws/install/local_setup.bash'
[9.664s] INFO:colcon.colcon_core.shell:Creating prefix chain script '/home/pi/Embedded_Linux_Project/ros2_ws/install/setup.bash'
[9.671s] INFO:colcon.colcon_core.shell:Creating prefix script '/home/pi/Embedded_Linux_Project/ros2_ws/install/local_setup.zsh'
[9.675s] INFO:colcon.colcon_core.shell:Creating prefix chain script '/home/pi/Embedded_Linux_Project/ros2_ws/install/setup.zsh'
