[3.043s] Invoking command in '/home/pi/Embedded_Linux_Project/ros2_ws/src/emli_package': PYTHONPATH=/home/pi/Embedded_Linux_Project/ros2_ws/build/emli_package/prefix_override:/home/pi/Embedded_Linux_Project/ros2_ws/install/emli_package/lib/python3.10/site-packages:${PYTHONPATH} /usr/bin/python3 setup.py egg_info --egg-base ../../build/emli_package build --build-base /home/pi/Embedded_Linux_Project/ros2_ws/build/emli_package/build install --record /home/pi/Embedded_Linux_Project/ros2_ws/build/emli_package/install.log --single-version-externally-managed
[4.247s] running egg_info
[4.249s] writing ../../build/emli_package/emli_package.egg-info/PKG-INFO
[4.250s] writing dependency_links to ../../build/emli_package/emli_package.egg-info/dependency_links.txt
[4.251s] writing entry points to ../../build/emli_package/emli_package.egg-info/entry_points.txt
[4.252s] writing requirements to ../../build/emli_package/emli_package.egg-info/requires.txt
[4.252s] writing top-level names to ../../build/emli_package/emli_package.egg-info/top_level.txt
[4.262s] reading manifest file '../../build/emli_package/emli_package.egg-info/SOURCES.txt'
[4.266s] writing manifest file '../../build/emli_package/emli_package.egg-info/SOURCES.txt'
[4.267s] running build
[4.267s] running build_py
[4.272s] running install
[4.272s] /usr/lib/python3/dist-packages/setuptools/command/install.py:34: SetuptoolsDeprecationWarning: setup.py install is deprecated. Use build and pip and other standards-based tools.
[4.273s]   warnings.warn(
[4.273s] running install_lib
[4.283s] running install_data
[4.285s] running install_egg_info
[4.291s] removing '/home/pi/Embedded_Linux_Project/ros2_ws/install/emli_package/lib/python3.10/site-packages/emli_package-0.0.0-py3.10.egg-info' (and everything under it)
[4.293s] Copying ../../build/emli_package/emli_package.egg-info to /home/pi/Embedded_Linux_Project/ros2_ws/install/emli_package/lib/python3.10/site-packages/emli_package-0.0.0-py3.10.egg-info
[4.298s] running install_scripts
[4.376s] Installing Activate_Pump script to /home/pi/Embedded_Linux_Project/ros2_ws/install/emli_package/lib/emli_package
[4.376s] Installing Button_Pub script to /home/pi/Embedded_Linux_Project/ros2_ws/install/emli_package/lib/emli_package
[4.377s] Installing Button_Pump script to /home/pi/Embedded_Linux_Project/ros2_ws/install/emli_package/lib/emli_package
[4.378s] Installing Log_Info script to /home/pi/Embedded_Linux_Project/ros2_ws/install/emli_package/lib/emli_package
[4.379s] Installing Moisture_Pump script to /home/pi/Embedded_Linux_Project/ros2_ws/install/emli_package/lib/emli_package
[4.380s] Installing Sensor_Pub script to /home/pi/Embedded_Linux_Project/ros2_ws/install/emli_package/lib/emli_package
[4.380s] Installing Set_LEDs script to /home/pi/Embedded_Linux_Project/ros2_ws/install/emli_package/lib/emli_package
[4.381s] Installing T12_Pump script to /home/pi/Embedded_Linux_Project/ros2_ws/install/emli_package/lib/emli_package
[4.384s] writing list of installed files to '/home/pi/Embedded_Linux_Project/ros2_ws/build/emli_package/install.log'
[4.503s] Invoked command in '/home/pi/Embedded_Linux_Project/ros2_ws/src/emli_package' returned '0': PYTHONPATH=/home/pi/Embedded_Linux_Project/ros2_ws/build/emli_package/prefix_override:/home/pi/Embedded_Linux_Project/ros2_ws/install/emli_package/lib/python3.10/site-packages:${PYTHONPATH} /usr/bin/python3 setup.py egg_info --egg-base ../../build/emli_package build --build-base /home/pi/Embedded_Linux_Project/ros2_ws/build/emli_package/build install --record /home/pi/Embedded_Linux_Project/ros2_ws/build/emli_package/install.log --single-version-externally-managed
