[3.240s] Invoking command in '/home/pi/Embedded_Linux_Project/ros2_ws/src/emli_package': PYTHONPATH=/home/pi/Embedded_Linux_Project/ros2_ws/build/emli_package/prefix_override:/home/pi/Embedded_Linux_Project/ros2_ws/install/emli_package/lib/python3.10/site-packages:${PYTHONPATH} /usr/bin/python3 setup.py egg_info --egg-base ../../build/emli_package build --build-base /home/pi/Embedded_Linux_Project/ros2_ws/build/emli_package/build install --record /home/pi/Embedded_Linux_Project/ros2_ws/build/emli_package/install.log --single-version-externally-managed
[4.455s] running egg_info
[4.455s] writing ../../build/emli_package/emli_package.egg-info/PKG-INFO
[4.457s] writing dependency_links to ../../build/emli_package/emli_package.egg-info/dependency_links.txt
[4.458s] writing entry points to ../../build/emli_package/emli_package.egg-info/entry_points.txt
[4.459s] writing requirements to ../../build/emli_package/emli_package.egg-info/requires.txt
[4.460s] writing top-level names to ../../build/emli_package/emli_package.egg-info/top_level.txt
[4.472s] reading manifest file '../../build/emli_package/emli_package.egg-info/SOURCES.txt'
[4.476s] writing manifest file '../../build/emli_package/emli_package.egg-info/SOURCES.txt'
[4.477s] running build
[4.477s] running build_py
[4.480s] running install
[4.480s] /usr/lib/python3/dist-packages/setuptools/command/install.py:34: SetuptoolsDeprecationWarning: setup.py install is deprecated. Use build and pip and other standards-based tools.
[4.481s]   warnings.warn(
[4.481s] running install_lib
[4.488s] running install_data
[4.490s] copying launch/emli.launch.py -> /home/pi/Embedded_Linux_Project/ros2_ws/install/emli_package/share/emli_package/launch
[4.491s] running install_egg_info
[4.497s] removing '/home/pi/Embedded_Linux_Project/ros2_ws/install/emli_package/lib/python3.10/site-packages/emli_package-0.0.0-py3.10.egg-info' (and everything under it)
[4.499s] Copying ../../build/emli_package/emli_package.egg-info to /home/pi/Embedded_Linux_Project/ros2_ws/install/emli_package/lib/python3.10/site-packages/emli_package-0.0.0-py3.10.egg-info
[4.504s] running install_scripts
[4.581s] Installing Sensor_Pub script to /home/pi/Embedded_Linux_Project/ros2_ws/install/emli_package/lib/emli_package
[4.583s] writing list of installed files to '/home/pi/Embedded_Linux_Project/ros2_ws/build/emli_package/install.log'
[4.702s] Invoked command in '/home/pi/Embedded_Linux_Project/ros2_ws/src/emli_package' returned '0': PYTHONPATH=/home/pi/Embedded_Linux_Project/ros2_ws/build/emli_package/prefix_override:/home/pi/Embedded_Linux_Project/ros2_ws/install/emli_package/lib/python3.10/site-packages:${PYTHONPATH} /usr/bin/python3 setup.py egg_info --egg-base ../../build/emli_package build --build-base /home/pi/Embedded_Linux_Project/ros2_ws/build/emli_package/build install --record /home/pi/Embedded_Linux_Project/ros2_ws/build/emli_package/install.log --single-version-externally-managed
