[1.592s] DEBUG:colcon:Command line arguments: ['/usr/bin/colcon', 'build']
[1.592s] DEBUG:colcon:Parsed command line arguments: Namespace(log_base=None, log_level=None, verb_name='build', build_base='build', install_base='install', merge_install=False, symlink_install=False, test_result_base=None, continue_on_error=False, executor='parallel', parallel_workers=4, event_handlers=None, ignore_user_meta=False, metas=['./colcon.meta'], base_paths=['.'], packages_ignore=None, packages_ignore_regex=None, paths=None, packages_up_to=None, packages_up_to_regex=None, packages_above=None, packages_above_and_dependencies=None, packages_above_depth=None, packages_select_by_dep=None, packages_skip_by_dep=None, packages_skip_up_to=None, packages_select_build_failed=False, packages_skip_build_finished=False, packages_select_test_failures=False, packages_skip_test_passed=False, packages_select=None, packages_skip=None, packages_select_regex=None, packages_skip_regex=None, packages_start=None, packages_end=None, allow_overriding=[], cmake_args=None, cmake_target=None, cmake_target_skip_unavailable=False, cmake_clean_cache=False, cmake_clean_first=False, cmake_force_configure=False, ament_cmake_args=None, catkin_cmake_args=None, catkin_skip_building_tests=False, verb_parser=<colcon_defaults.argument_parser.defaults.DefaultArgumentsDecorator object at 0xffffb7dfcdf0>, verb_extension=<colcon_core.verb.build.BuildVerb object at 0xffffb88c2e00>, main=<bound method BuildVerb.main of <colcon_core.verb.build.BuildVerb object at 0xffffb88c2e00>>)
[1.695s] Level 1:colcon.colcon_core.package_discovery:discover_packages(colcon_meta) check parameters
[1.696s] Level 1:colcon.colcon_core.package_discovery:discover_packages(recursive) check parameters
[1.696s] Level 1:colcon.colcon_core.package_discovery:discover_packages(ignore) check parameters
[1.696s] Level 1:colcon.colcon_core.package_discovery:discover_packages(path) check parameters
[1.696s] Level 1:colcon.colcon_core.package_discovery:discover_packages(colcon_meta) discover
[1.696s] Level 1:colcon.colcon_core.package_discovery:discover_packages(recursive) discover
[1.696s] INFO:colcon.colcon_core.package_discovery:Crawling recursively for packages in '/home/pi/Embedded_Linux_Project/ros2_ws'
[1.697s] Level 1:colcon.colcon_core.package_identification:_identify(.) by extensions ['ignore', 'ignore_ament_install']
[1.697s] Level 1:colcon.colcon_core.package_identification:_identify(.) by extension 'ignore'
[1.697s] Level 1:colcon.colcon_core.package_identification:_identify(.) by extension 'ignore_ament_install'
[1.697s] Level 1:colcon.colcon_core.package_identification:_identify(.) by extensions ['colcon_pkg']
[1.698s] Level 1:colcon.colcon_core.package_identification:_identify(.) by extension 'colcon_pkg'
[1.698s] Level 1:colcon.colcon_core.package_identification:_identify(.) by extensions ['colcon_meta']
[1.698s] Level 1:colcon.colcon_core.package_identification:_identify(.) by extension 'colcon_meta'
[1.698s] Level 1:colcon.colcon_core.package_identification:_identify(.) by extensions ['ros']
[1.698s] Level 1:colcon.colcon_core.package_identification:_identify(.) by extension 'ros'
[1.746s] Level 1:colcon.colcon_core.package_identification:_identify(.) by extensions ['cmake', 'python']
[1.746s] Level 1:colcon.colcon_core.package_identification:_identify(.) by extension 'cmake'
[1.746s] Level 1:colcon.colcon_core.package_identification:_identify(.) by extension 'python'
[1.746s] Level 1:colcon.colcon_core.package_identification:_identify(.) by extensions ['python_setup_py']
[1.746s] Level 1:colcon.colcon_core.package_identification:_identify(.) by extension 'python_setup_py'
[1.747s] Level 1:colcon.colcon_core.package_identification:_identify(build) by extensions ['ignore', 'ignore_ament_install']
[1.747s] Level 1:colcon.colcon_core.package_identification:_identify(build) by extension 'ignore'
[1.747s] Level 1:colcon.colcon_core.package_identification:_identify(build) ignored
[1.748s] Level 1:colcon.colcon_core.package_identification:_identify(install) by extensions ['ignore', 'ignore_ament_install']
[1.748s] Level 1:colcon.colcon_core.package_identification:_identify(install) by extension 'ignore'
[1.748s] Level 1:colcon.colcon_core.package_identification:_identify(install) ignored
[1.750s] Level 1:colcon.colcon_core.package_identification:_identify(log) by extensions ['ignore', 'ignore_ament_install']
[1.750s] Level 1:colcon.colcon_core.package_identification:_identify(log) by extension 'ignore'
[1.750s] Level 1:colcon.colcon_core.package_identification:_identify(log) ignored
[1.751s] Level 1:colcon.colcon_core.package_identification:_identify(src) by extensions ['ignore', 'ignore_ament_install']
[1.751s] Level 1:colcon.colcon_core.package_identification:_identify(src) by extension 'ignore'
[1.751s] Level 1:colcon.colcon_core.package_identification:_identify(src) by extension 'ignore_ament_install'
[1.751s] Level 1:colcon.colcon_core.package_identification:_identify(src) by extensions ['colcon_pkg']
[1.751s] Level 1:colcon.colcon_core.package_identification:_identify(src) by extension 'colcon_pkg'
[1.751s] Level 1:colcon.colcon_core.package_identification:_identify(src) by extensions ['colcon_meta']
[1.752s] Level 1:colcon.colcon_core.package_identification:_identify(src) by extension 'colcon_meta'
[1.752s] Level 1:colcon.colcon_core.package_identification:_identify(src) by extensions ['ros']
[1.752s] Level 1:colcon.colcon_core.package_identification:_identify(src) by extension 'ros'
[1.752s] Level 1:colcon.colcon_core.package_identification:_identify(src) by extensions ['cmake', 'python']
[1.752s] Level 1:colcon.colcon_core.package_identification:_identify(src) by extension 'cmake'
[1.752s] Level 1:colcon.colcon_core.package_identification:_identify(src) by extension 'python'
[1.753s] Level 1:colcon.colcon_core.package_identification:_identify(src) by extensions ['python_setup_py']
[1.753s] Level 1:colcon.colcon_core.package_identification:_identify(src) by extension 'python_setup_py'
[1.753s] Level 1:colcon.colcon_core.package_identification:_identify(src/emli_package) by extensions ['ignore', 'ignore_ament_install']
[1.753s] Level 1:colcon.colcon_core.package_identification:_identify(src/emli_package) by extension 'ignore'
[1.754s] Level 1:colcon.colcon_core.package_identification:_identify(src/emli_package) by extension 'ignore_ament_install'
[1.754s] Level 1:colcon.colcon_core.package_identification:_identify(src/emli_package) by extensions ['colcon_pkg']
[1.754s] Level 1:colcon.colcon_core.package_identification:_identify(src/emli_package) by extension 'colcon_pkg'
[1.754s] Level 1:colcon.colcon_core.package_identification:_identify(src/emli_package) by extensions ['colcon_meta']
[1.754s] Level 1:colcon.colcon_core.package_identification:_identify(src/emli_package) by extension 'colcon_meta'
[1.754s] Level 1:colcon.colcon_core.package_identification:_identify(src/emli_package) by extensions ['ros']
[1.755s] Level 1:colcon.colcon_core.package_identification:_identify(src/emli_package) by extension 'ros'
[1.763s] DEBUG:colcon.colcon_core.package_identification:Package 'src/emli_package' with type 'ros.ament_python' and name 'emli_package'
[1.764s] Level 1:colcon.colcon_core.package_discovery:discover_packages(recursive) using defaults
[1.764s] Level 1:colcon.colcon_core.package_discovery:discover_packages(ignore) discover
[1.764s] Level 1:colcon.colcon_core.package_discovery:discover_packages(ignore) using defaults
[1.764s] Level 1:colcon.colcon_core.package_discovery:discover_packages(path) discover
[1.764s] Level 1:colcon.colcon_core.package_discovery:discover_packages(path) using defaults
[1.852s] Level 1:colcon.colcon_core.package_discovery:discover_packages(prefix_path) check parameters
[1.852s] Level 1:colcon.colcon_core.package_discovery:discover_packages(prefix_path) discover
[1.865s] DEBUG:colcon.colcon_installed_package_information.package_discovery:Found 1 installed packages in /home/pi/Embedded_Linux_Project/ros2_ws/install
[1.875s] DEBUG:colcon.colcon_installed_package_information.package_discovery:Found 224 installed packages in /opt/ros/humble
[1.879s] Level 1:colcon.colcon_core.package_discovery:discover_packages(prefix_path) using defaults
[2.104s] Level 5:colcon.colcon_core.verb:set package 'emli_package' build argument 'cmake_args' from command line to 'None'
[2.104s] Level 5:colcon.colcon_core.verb:set package 'emli_package' build argument 'cmake_target' from command line to 'None'
[2.104s] Level 5:colcon.colcon_core.verb:set package 'emli_package' build argument 'cmake_target_skip_unavailable' from command line to 'False'
[2.104s] Level 5:colcon.colcon_core.verb:set package 'emli_package' build argument 'cmake_clean_cache' from command line to 'False'
[2.104s] Level 5:colcon.colcon_core.verb:set package 'emli_package' build argument 'cmake_clean_first' from command line to 'False'
[2.104s] Level 5:colcon.colcon_core.verb:set package 'emli_package' build argument 'cmake_force_configure' from command line to 'False'
[2.105s] Level 5:colcon.colcon_core.verb:set package 'emli_package' build argument 'ament_cmake_args' from command line to 'None'
[2.105s] Level 5:colcon.colcon_core.verb:set package 'emli_package' build argument 'catkin_cmake_args' from command line to 'None'
[2.105s] Level 5:colcon.colcon_core.verb:set package 'emli_package' build argument 'catkin_skip_building_tests' from command line to 'False'
[2.105s] DEBUG:colcon.colcon_core.verb:Building package 'emli_package' with the following arguments: {'ament_cmake_args': None, 'build_base': '/home/pi/Embedded_Linux_Project/ros2_ws/build/emli_package', 'catkin_cmake_args': None, 'catkin_skip_building_tests': False, 'cmake_args': None, 'cmake_clean_cache': False, 'cmake_clean_first': False, 'cmake_force_configure': False, 'cmake_target': None, 'cmake_target_skip_unavailable': False, 'install_base': '/home/pi/Embedded_Linux_Project/ros2_ws/install/emli_package', 'merge_install': False, 'path': '/home/pi/Embedded_Linux_Project/ros2_ws/src/emli_package', 'symlink_install': False, 'test_result_base': None}
[2.108s] INFO:colcon.colcon_core.executor:Executing jobs using 'parallel' executor
[2.120s] DEBUG:colcon.colcon_parallel_executor.executor.parallel:run_until_complete
[2.121s] INFO:colcon.colcon_ros.task.ament_python.build:Building ROS package in '/home/pi/Embedded_Linux_Project/ros2_ws/src/emli_package' with build type 'ament_python'
[2.122s] Level 1:colcon.colcon_core.shell:create_environment_hook('emli_package', 'ament_prefix_path')
[2.140s] INFO:colcon.colcon_core.plugin_system:Skipping extension 'colcon_core.shell.bat': Not used on non-Windows systems
[2.140s] INFO:colcon.colcon_core.shell:Creating environment hook '/home/pi/Embedded_Linux_Project/ros2_ws/install/emli_package/share/emli_package/hook/ament_prefix_path.ps1'
[2.143s] INFO:colcon.colcon_core.shell:Creating environment descriptor '/home/pi/Embedded_Linux_Project/ros2_ws/install/emli_package/share/emli_package/hook/ament_prefix_path.dsv'
[2.145s] INFO:colcon.colcon_core.shell:Creating environment hook '/home/pi/Embedded_Linux_Project/ros2_ws/install/emli_package/share/emli_package/hook/ament_prefix_path.sh'
[2.152s] INFO:colcon.colcon_core.shell:Skip shell extension 'powershell' for command environment: Not usable outside of PowerShell
[2.153s] DEBUG:colcon.colcon_core.shell:Skip shell extension 'dsv' for command environment
[3.467s] WARNING:colcon.colcon_ros.task.ament_python.build:Package 'emli_package' doesn't explicitly install a marker in the package index (colcon-ros currently does it implicitly but that fallback will be removed in the future)
[3.468s] WARNING:colcon.colcon_ros.task.ament_python.build:Package 'emli_package' doesn't explicitly install the 'package.xml' file (colcon-ros currently does it implicitly but that fallback will be removed in the future)
[3.469s] INFO:colcon.colcon_core.task.python.build:Building Python package in '/home/pi/Embedded_Linux_Project/ros2_ws/src/emli_package'
[3.475s] INFO:colcon.colcon_core.shell:Skip shell extension 'powershell' for command environment: Not usable outside of PowerShell
[3.475s] DEBUG:colcon.colcon_core.shell:Skip shell extension 'dsv' for command environment
[5.173s] DEBUG:colcon.colcon_core.event_handler.log_command:Invoking command in '/home/pi/Embedded_Linux_Project/ros2_ws/src/emli_package': PYTHONPATH=/home/pi/Embedded_Linux_Project/ros2_ws/build/emli_package/prefix_override:/home/pi/Embedded_Linux_Project/ros2_ws/install/emli_package/lib/python3.10/site-packages:${PYTHONPATH} /usr/bin/python3 setup.py egg_info --egg-base ../../build/emli_package build --build-base /home/pi/Embedded_Linux_Project/ros2_ws/build/emli_package/build install --record /home/pi/Embedded_Linux_Project/ros2_ws/build/emli_package/install.log --single-version-externally-managed
[6.653s] DEBUG:colcon.colcon_core.event_handler.log_command:Invoked command in '/home/pi/Embedded_Linux_Project/ros2_ws/src/emli_package' returned '0': PYTHONPATH=/home/pi/Embedded_Linux_Project/ros2_ws/build/emli_package/prefix_override:/home/pi/Embedded_Linux_Project/ros2_ws/install/emli_package/lib/python3.10/site-packages:${PYTHONPATH} /usr/bin/python3 setup.py egg_info --egg-base ../../build/emli_package build --build-base /home/pi/Embedded_Linux_Project/ros2_ws/build/emli_package/build install --record /home/pi/Embedded_Linux_Project/ros2_ws/build/emli_package/install.log --single-version-externally-managed
[6.663s] Level 1:colcon.colcon_core.environment:checking '/home/pi/Embedded_Linux_Project/ros2_ws/install/emli_package' for CMake module files
[6.666s] Level 1:colcon.colcon_core.environment:checking '/home/pi/Embedded_Linux_Project/ros2_ws/install/emli_package' for CMake config files
[6.671s] Level 1:colcon.colcon_core.environment:checking '/home/pi/Embedded_Linux_Project/ros2_ws/install/emli_package/lib'
[6.671s] Level 1:colcon.colcon_core.environment:checking '/home/pi/Embedded_Linux_Project/ros2_ws/install/emli_package/bin'
[6.672s] Level 1:colcon.colcon_core.environment:checking '/home/pi/Embedded_Linux_Project/ros2_ws/install/emli_package/lib/pkgconfig/emli_package.pc'
[6.673s] Level 1:colcon.colcon_core.environment:checking '/home/pi/Embedded_Linux_Project/ros2_ws/install/emli_package/lib/python3.10/site-packages'
[6.673s] Level 1:colcon.colcon_core.shell:create_environment_hook('emli_package', 'pythonpath')
[6.678s] INFO:colcon.colcon_core.shell:Creating environment hook '/home/pi/Embedded_Linux_Project/ros2_ws/install/emli_package/share/emli_package/hook/pythonpath.ps1'
[6.680s] INFO:colcon.colcon_core.shell:Creating environment descriptor '/home/pi/Embedded_Linux_Project/ros2_ws/install/emli_package/share/emli_package/hook/pythonpath.dsv'
[6.682s] INFO:colcon.colcon_core.shell:Creating environment hook '/home/pi/Embedded_Linux_Project/ros2_ws/install/emli_package/share/emli_package/hook/pythonpath.sh'
[6.684s] Level 1:colcon.colcon_core.environment:checking '/home/pi/Embedded_Linux_Project/ros2_ws/install/emli_package/bin'
[6.684s] Level 1:colcon.colcon_core.environment:create_environment_scripts_only(emli_package)
[6.690s] INFO:colcon.colcon_core.shell:Creating package script '/home/pi/Embedded_Linux_Project/ros2_ws/install/emli_package/share/emli_package/package.ps1'
[6.694s] INFO:colcon.colcon_core.shell:Creating package descriptor '/home/pi/Embedded_Linux_Project/ros2_ws/install/emli_package/share/emli_package/package.dsv'
[6.696s] INFO:colcon.colcon_core.shell:Creating package script '/home/pi/Embedded_Linux_Project/ros2_ws/install/emli_package/share/emli_package/package.sh'
[6.700s] INFO:colcon.colcon_core.shell:Creating package script '/home/pi/Embedded_Linux_Project/ros2_ws/install/emli_package/share/emli_package/package.bash'
[6.703s] INFO:colcon.colcon_core.shell:Creating package script '/home/pi/Embedded_Linux_Project/ros2_ws/install/emli_package/share/emli_package/package.zsh'
[6.705s] Level 1:colcon.colcon_core.environment:create_file_with_runtime_dependencies(/home/pi/Embedded_Linux_Project/ros2_ws/install/emli_package/share/colcon-core/packages/emli_package)
[6.707s] DEBUG:colcon.colcon_parallel_executor.executor.parallel:closing loop
[6.708s] DEBUG:colcon.colcon_parallel_executor.executor.parallel:loop closed
[6.708s] DEBUG:colcon.colcon_parallel_executor.executor.parallel:run_until_complete finished with '0'
[6.708s] DEBUG:colcon.colcon_core.event_reactor:joining thread
[6.730s] INFO:colcon.colcon_core.plugin_system:Skipping extension 'colcon_notification.desktop_notification.terminal_notifier': Not used on non-Darwin systems
[6.731s] INFO:colcon.colcon_core.plugin_system:Skipping extension 'colcon_notification.desktop_notification.win32': Not used on non-Windows systems
[6.731s] INFO:colcon.colcon_notification.desktop_notification:Sending desktop notification using 'notify2'
[6.736s] DEBUG:colcon.colcon_notification.desktop_notification.notify2:Failed to initialize notify2: org.freedesktop.DBus.Error.ServiceUnknown: The name org.freedesktop.Notifications was not provided by any .service files
[6.736s] DEBUG:colcon.colcon_core.event_reactor:joined thread
[6.742s] INFO:colcon.colcon_core.shell:Creating prefix script '/home/pi/Embedded_Linux_Project/ros2_ws/install/local_setup.ps1'
[6.746s] INFO:colcon.colcon_core.shell:Creating prefix util module '/home/pi/Embedded_Linux_Project/ros2_ws/install/_local_setup_util_ps1.py'
[6.754s] INFO:colcon.colcon_core.shell:Creating prefix chain script '/home/pi/Embedded_Linux_Project/ros2_ws/install/setup.ps1'
[6.761s] INFO:colcon.colcon_core.shell:Creating prefix script '/home/pi/Embedded_Linux_Project/ros2_ws/install/local_setup.sh'
[6.763s] INFO:colcon.colcon_core.shell:Creating prefix util module '/home/pi/Embedded_Linux_Project/ros2_ws/install/_local_setup_util_sh.py'
[6.765s] INFO:colcon.colcon_core.shell:Creating prefix chain script '/home/pi/Embedded_Linux_Project/ros2_ws/install/setup.sh'
[6.773s] INFO:colcon.colcon_core.shell:Creating prefix script '/home/pi/Embedded_Linux_Project/ros2_ws/install/local_setup.bash'
[6.775s] INFO:colcon.colcon_core.shell:Creating prefix chain script '/home/pi/Embedded_Linux_Project/ros2_ws/install/setup.bash'
[6.781s] INFO:colcon.colcon_core.shell:Creating prefix script '/home/pi/Embedded_Linux_Project/ros2_ws/install/local_setup.zsh'
[6.783s] INFO:colcon.colcon_core.shell:Creating prefix chain script '/home/pi/Embedded_Linux_Project/ros2_ws/install/setup.zsh'
