[2.373s] DEBUG:colcon:Command line arguments: ['/usr/bin/colcon', 'build']
[2.373s] DEBUG:colcon:Parsed command line arguments: Namespace(log_base=None, log_level=None, verb_name='build', build_base='build', install_base='install', merge_install=False, symlink_install=False, test_result_base=None, continue_on_error=False, executor='parallel', parallel_workers=4, event_handlers=None, ignore_user_meta=False, metas=['./colcon.meta'], base_paths=['.'], packages_ignore=None, packages_ignore_regex=None, paths=None, packages_up_to=None, packages_up_to_regex=None, packages_above=None, packages_above_and_dependencies=None, packages_above_depth=None, packages_select_by_dep=None, packages_skip_by_dep=None, packages_skip_up_to=None, packages_select_build_failed=False, packages_skip_build_finished=False, packages_select_test_failures=False, packages_skip_test_passed=False, packages_select=None, packages_skip=None, packages_select_regex=None, packages_skip_regex=None, packages_start=None, packages_end=None, allow_overriding=[], cmake_args=None, cmake_target=None, cmake_target_skip_unavailable=False, cmake_clean_cache=False, cmake_clean_first=False, cmake_force_configure=False, ament_cmake_args=None, catkin_cmake_args=None, catkin_skip_building_tests=False, verb_parser=<colcon_defaults.argument_parser.defaults.DefaultArgumentsDecorator object at 0xffff9a080f10>, verb_extension=<colcon_core.verb.build.BuildVerb object at 0xffff9ab46cb0>, main=<bound method BuildVerb.main of <colcon_core.verb.build.BuildVerb object at 0xffff9ab46cb0>>)
[2.582s] Level 1:colcon.colcon_core.package_discovery:discover_packages(colcon_meta) check parameters
[2.583s] Level 1:colcon.colcon_core.package_discovery:discover_packages(recursive) check parameters
[2.583s] Level 1:colcon.colcon_core.package_discovery:discover_packages(ignore) check parameters
[2.583s] Level 1:colcon.colcon_core.package_discovery:discover_packages(path) check parameters
[2.583s] Level 1:colcon.colcon_core.package_discovery:discover_packages(colcon_meta) discover
[2.584s] Level 1:colcon.colcon_core.package_discovery:discover_packages(recursive) discover
[2.584s] INFO:colcon.colcon_core.package_discovery:Crawling recursively for packages in '/home/pi/Embedded_Linux_Project/ros2_ws'
[2.585s] Level 1:colcon.colcon_core.package_identification:_identify(.) by extensions ['ignore', 'ignore_ament_install']
[2.585s] Level 1:colcon.colcon_core.package_identification:_identify(.) by extension 'ignore'
[2.586s] Level 1:colcon.colcon_core.package_identification:_identify(.) by extension 'ignore_ament_install'
[2.586s] Level 1:colcon.colcon_core.package_identification:_identify(.) by extensions ['colcon_pkg']
[2.586s] Level 1:colcon.colcon_core.package_identification:_identify(.) by extension 'colcon_pkg'
[2.586s] Level 1:colcon.colcon_core.package_identification:_identify(.) by extensions ['colcon_meta']
[2.587s] Level 1:colcon.colcon_core.package_identification:_identify(.) by extension 'colcon_meta'
[2.587s] Level 1:colcon.colcon_core.package_identification:_identify(.) by extensions ['ros']
[2.587s] Level 1:colcon.colcon_core.package_identification:_identify(.) by extension 'ros'
[2.667s] Level 1:colcon.colcon_core.package_identification:_identify(.) by extensions ['cmake', 'python']
[2.667s] Level 1:colcon.colcon_core.package_identification:_identify(.) by extension 'cmake'
[2.668s] Level 1:colcon.colcon_core.package_identification:_identify(.) by extension 'python'
[2.668s] Level 1:colcon.colcon_core.package_identification:_identify(.) by extensions ['python_setup_py']
[2.668s] Level 1:colcon.colcon_core.package_identification:_identify(.) by extension 'python_setup_py'
[2.669s] Level 1:colcon.colcon_core.package_identification:_identify(build) by extensions ['ignore', 'ignore_ament_install']
[2.669s] Level 1:colcon.colcon_core.package_identification:_identify(build) by extension 'ignore'
[2.669s] Level 1:colcon.colcon_core.package_identification:_identify(build) ignored
[2.670s] Level 1:colcon.colcon_core.package_identification:_identify(install) by extensions ['ignore', 'ignore_ament_install']
[2.670s] Level 1:colcon.colcon_core.package_identification:_identify(install) by extension 'ignore'
[2.670s] Level 1:colcon.colcon_core.package_identification:_identify(install) ignored
[2.671s] Level 1:colcon.colcon_core.package_identification:_identify(log) by extensions ['ignore', 'ignore_ament_install']
[2.672s] Level 1:colcon.colcon_core.package_identification:_identify(log) by extension 'ignore'
[2.672s] Level 1:colcon.colcon_core.package_identification:_identify(log) ignored
[2.675s] Level 1:colcon.colcon_core.package_identification:_identify(src) by extensions ['ignore', 'ignore_ament_install']
[2.675s] Level 1:colcon.colcon_core.package_identification:_identify(src) by extension 'ignore'
[2.675s] Level 1:colcon.colcon_core.package_identification:_identify(src) by extension 'ignore_ament_install'
[2.676s] Level 1:colcon.colcon_core.package_identification:_identify(src) by extensions ['colcon_pkg']
[2.676s] Level 1:colcon.colcon_core.package_identification:_identify(src) by extension 'colcon_pkg'
[2.676s] Level 1:colcon.colcon_core.package_identification:_identify(src) by extensions ['colcon_meta']
[2.676s] Level 1:colcon.colcon_core.package_identification:_identify(src) by extension 'colcon_meta'
[2.676s] Level 1:colcon.colcon_core.package_identification:_identify(src) by extensions ['ros']
[2.676s] Level 1:colcon.colcon_core.package_identification:_identify(src) by extension 'ros'
[2.677s] Level 1:colcon.colcon_core.package_identification:_identify(src) by extensions ['cmake', 'python']
[2.677s] Level 1:colcon.colcon_core.package_identification:_identify(src) by extension 'cmake'
[2.677s] Level 1:colcon.colcon_core.package_identification:_identify(src) by extension 'python'
[2.677s] Level 1:colcon.colcon_core.package_identification:_identify(src) by extensions ['python_setup_py']
[2.677s] Level 1:colcon.colcon_core.package_identification:_identify(src) by extension 'python_setup_py'
[2.678s] Level 1:colcon.colcon_core.package_identification:_identify(src/emli_package) by extensions ['ignore', 'ignore_ament_install']
[2.679s] Level 1:colcon.colcon_core.package_identification:_identify(src/emli_package) by extension 'ignore'
[2.679s] Level 1:colcon.colcon_core.package_identification:_identify(src/emli_package) by extension 'ignore_ament_install'
[2.679s] Level 1:colcon.colcon_core.package_identification:_identify(src/emli_package) by extensions ['colcon_pkg']
[2.679s] Level 1:colcon.colcon_core.package_identification:_identify(src/emli_package) by extension 'colcon_pkg'
[2.679s] Level 1:colcon.colcon_core.package_identification:_identify(src/emli_package) by extensions ['colcon_meta']
[2.680s] Level 1:colcon.colcon_core.package_identification:_identify(src/emli_package) by extension 'colcon_meta'
[2.680s] Level 1:colcon.colcon_core.package_identification:_identify(src/emli_package) by extensions ['ros']
[2.680s] Level 1:colcon.colcon_core.package_identification:_identify(src/emli_package) by extension 'ros'
[2.694s] DEBUG:colcon.colcon_core.package_identification:Package 'src/emli_package' with type 'ros.ament_python' and name 'emli_package'
[2.694s] Level 1:colcon.colcon_core.package_discovery:discover_packages(recursive) using defaults
[2.694s] Level 1:colcon.colcon_core.package_discovery:discover_packages(ignore) discover
[2.694s] Level 1:colcon.colcon_core.package_discovery:discover_packages(ignore) using defaults
[2.694s] Level 1:colcon.colcon_core.package_discovery:discover_packages(path) discover
[2.694s] Level 1:colcon.colcon_core.package_discovery:discover_packages(path) using defaults
[2.831s] Level 1:colcon.colcon_core.package_discovery:discover_packages(prefix_path) check parameters
[2.831s] Level 1:colcon.colcon_core.package_discovery:discover_packages(prefix_path) discover
[2.852s] DEBUG:colcon.colcon_installed_package_information.package_discovery:Found 1 installed packages in /home/pi/Embedded_Linux_Project/ros2_ws/install
[2.862s] DEBUG:colcon.colcon_installed_package_information.package_discovery:Found 224 installed packages in /opt/ros/humble
[2.868s] Level 1:colcon.colcon_core.package_discovery:discover_packages(prefix_path) using defaults
[3.097s] Level 5:colcon.colcon_core.verb:set package 'emli_package' build argument 'cmake_args' from command line to 'None'
[3.097s] Level 5:colcon.colcon_core.verb:set package 'emli_package' build argument 'cmake_target' from command line to 'None'
[3.098s] Level 5:colcon.colcon_core.verb:set package 'emli_package' build argument 'cmake_target_skip_unavailable' from command line to 'False'
[3.098s] Level 5:colcon.colcon_core.verb:set package 'emli_package' build argument 'cmake_clean_cache' from command line to 'False'
[3.098s] Level 5:colcon.colcon_core.verb:set package 'emli_package' build argument 'cmake_clean_first' from command line to 'False'
[3.098s] Level 5:colcon.colcon_core.verb:set package 'emli_package' build argument 'cmake_force_configure' from command line to 'False'
[3.098s] Level 5:colcon.colcon_core.verb:set package 'emli_package' build argument 'ament_cmake_args' from command line to 'None'
[3.098s] Level 5:colcon.colcon_core.verb:set package 'emli_package' build argument 'catkin_cmake_args' from command line to 'None'
[3.098s] Level 5:colcon.colcon_core.verb:set package 'emli_package' build argument 'catkin_skip_building_tests' from command line to 'False'
[3.098s] DEBUG:colcon.colcon_core.verb:Building package 'emli_package' with the following arguments: {'ament_cmake_args': None, 'build_base': '/home/pi/Embedded_Linux_Project/ros2_ws/build/emli_package', 'catkin_cmake_args': None, 'catkin_skip_building_tests': False, 'cmake_args': None, 'cmake_clean_cache': False, 'cmake_clean_first': False, 'cmake_force_configure': False, 'cmake_target': None, 'cmake_target_skip_unavailable': False, 'install_base': '/home/pi/Embedded_Linux_Project/ros2_ws/install/emli_package', 'merge_install': False, 'path': '/home/pi/Embedded_Linux_Project/ros2_ws/src/emli_package', 'symlink_install': False, 'test_result_base': None}
[3.101s] INFO:colcon.colcon_core.executor:Executing jobs using 'parallel' executor
[3.114s] DEBUG:colcon.colcon_parallel_executor.executor.parallel:run_until_complete
[3.115s] INFO:colcon.colcon_ros.task.ament_python.build:Building ROS package in '/home/pi/Embedded_Linux_Project/ros2_ws/src/emli_package' with build type 'ament_python'
[3.115s] Level 1:colcon.colcon_core.shell:create_environment_hook('emli_package', 'ament_prefix_path')
[3.149s] INFO:colcon.colcon_core.plugin_system:Skipping extension 'colcon_core.shell.bat': Not used on non-Windows systems
[3.150s] INFO:colcon.colcon_core.shell:Creating environment hook '/home/pi/Embedded_Linux_Project/ros2_ws/install/emli_package/share/emli_package/hook/ament_prefix_path.ps1'
[3.154s] INFO:colcon.colcon_core.shell:Creating environment descriptor '/home/pi/Embedded_Linux_Project/ros2_ws/install/emli_package/share/emli_package/hook/ament_prefix_path.dsv'
[3.157s] INFO:colcon.colcon_core.shell:Creating environment hook '/home/pi/Embedded_Linux_Project/ros2_ws/install/emli_package/share/emli_package/hook/ament_prefix_path.sh'
[3.167s] INFO:colcon.colcon_core.shell:Skip shell extension 'powershell' for command environment: Not usable outside of PowerShell
[3.168s] DEBUG:colcon.colcon_core.shell:Skip shell extension 'dsv' for command environment
[4.527s] WARNING:colcon.colcon_ros.task.ament_python.build:Package 'emli_package' doesn't explicitly install a marker in the package index (colcon-ros currently does it implicitly but that fallback will be removed in the future)
[4.528s] WARNING:colcon.colcon_ros.task.ament_python.build:Package 'emli_package' doesn't explicitly install the 'package.xml' file (colcon-ros currently does it implicitly but that fallback will be removed in the future)
[4.530s] INFO:colcon.colcon_core.task.python.build:Building Python package in '/home/pi/Embedded_Linux_Project/ros2_ws/src/emli_package'
[4.535s] INFO:colcon.colcon_core.shell:Skip shell extension 'powershell' for command environment: Not usable outside of PowerShell
[4.536s] DEBUG:colcon.colcon_core.shell:Skip shell extension 'dsv' for command environment
[6.493s] DEBUG:colcon.colcon_core.event_handler.log_command:Invoking command in '/home/pi/Embedded_Linux_Project/ros2_ws/src/emli_package': PYTHONPATH=/home/pi/Embedded_Linux_Project/ros2_ws/build/emli_package/prefix_override:/home/pi/Embedded_Linux_Project/ros2_ws/install/emli_package/lib/python3.10/site-packages:${PYTHONPATH} /usr/bin/python3 setup.py egg_info --egg-base ../../build/emli_package build --build-base /home/pi/Embedded_Linux_Project/ros2_ws/build/emli_package/build install --record /home/pi/Embedded_Linux_Project/ros2_ws/build/emli_package/install.log --single-version-externally-managed
[7.975s] DEBUG:colcon.colcon_core.event_handler.log_command:Invoked command in '/home/pi/Embedded_Linux_Project/ros2_ws/src/emli_package' returned '0': PYTHONPATH=/home/pi/Embedded_Linux_Project/ros2_ws/build/emli_package/prefix_override:/home/pi/Embedded_Linux_Project/ros2_ws/install/emli_package/lib/python3.10/site-packages:${PYTHONPATH} /usr/bin/python3 setup.py egg_info --egg-base ../../build/emli_package build --build-base /home/pi/Embedded_Linux_Project/ros2_ws/build/emli_package/build install --record /home/pi/Embedded_Linux_Project/ros2_ws/build/emli_package/install.log --single-version-externally-managed
[8.012s] Level 1:colcon.colcon_core.environment:checking '/home/pi/Embedded_Linux_Project/ros2_ws/install/emli_package' for CMake module files
[8.016s] Level 1:colcon.colcon_core.environment:checking '/home/pi/Embedded_Linux_Project/ros2_ws/install/emli_package' for CMake config files
[8.021s] Level 1:colcon.colcon_core.environment:checking '/home/pi/Embedded_Linux_Project/ros2_ws/install/emli_package/lib'
[8.022s] Level 1:colcon.colcon_core.environment:checking '/home/pi/Embedded_Linux_Project/ros2_ws/install/emli_package/bin'
[8.022s] Level 1:colcon.colcon_core.environment:checking '/home/pi/Embedded_Linux_Project/ros2_ws/install/emli_package/lib/pkgconfig/emli_package.pc'
[8.023s] Level 1:colcon.colcon_core.environment:checking '/home/pi/Embedded_Linux_Project/ros2_ws/install/emli_package/lib/python3.10/site-packages'
[8.023s] Level 1:colcon.colcon_core.shell:create_environment_hook('emli_package', 'pythonpath')
[8.029s] INFO:colcon.colcon_core.shell:Creating environment hook '/home/pi/Embedded_Linux_Project/ros2_ws/install/emli_package/share/emli_package/hook/pythonpath.ps1'
[8.031s] INFO:colcon.colcon_core.shell:Creating environment descriptor '/home/pi/Embedded_Linux_Project/ros2_ws/install/emli_package/share/emli_package/hook/pythonpath.dsv'
[8.033s] INFO:colcon.colcon_core.shell:Creating environment hook '/home/pi/Embedded_Linux_Project/ros2_ws/install/emli_package/share/emli_package/hook/pythonpath.sh'
[8.035s] Level 1:colcon.colcon_core.environment:checking '/home/pi/Embedded_Linux_Project/ros2_ws/install/emli_package/bin'
[8.036s] Level 1:colcon.colcon_core.environment:create_environment_scripts_only(emli_package)
[8.041s] INFO:colcon.colcon_core.shell:Creating package script '/home/pi/Embedded_Linux_Project/ros2_ws/install/emli_package/share/emli_package/package.ps1'
[8.048s] INFO:colcon.colcon_core.shell:Creating package descriptor '/home/pi/Embedded_Linux_Project/ros2_ws/install/emli_package/share/emli_package/package.dsv'
[8.052s] INFO:colcon.colcon_core.shell:Creating package script '/home/pi/Embedded_Linux_Project/ros2_ws/install/emli_package/share/emli_package/package.sh'
[8.056s] INFO:colcon.colcon_core.shell:Creating package script '/home/pi/Embedded_Linux_Project/ros2_ws/install/emli_package/share/emli_package/package.bash'
[8.062s] INFO:colcon.colcon_core.shell:Creating package script '/home/pi/Embedded_Linux_Project/ros2_ws/install/emli_package/share/emli_package/package.zsh'
[8.067s] Level 1:colcon.colcon_core.environment:create_file_with_runtime_dependencies(/home/pi/Embedded_Linux_Project/ros2_ws/install/emli_package/share/colcon-core/packages/emli_package)
[8.069s] DEBUG:colcon.colcon_parallel_executor.executor.parallel:closing loop
[8.070s] DEBUG:colcon.colcon_parallel_executor.executor.parallel:loop closed
[8.071s] DEBUG:colcon.colcon_parallel_executor.executor.parallel:run_until_complete finished with '0'
[8.071s] DEBUG:colcon.colcon_core.event_reactor:joining thread
[8.099s] INFO:colcon.colcon_core.plugin_system:Skipping extension 'colcon_notification.desktop_notification.terminal_notifier': Not used on non-Darwin systems
[8.099s] INFO:colcon.colcon_core.plugin_system:Skipping extension 'colcon_notification.desktop_notification.win32': Not used on non-Windows systems
[8.099s] INFO:colcon.colcon_notification.desktop_notification:Sending desktop notification using 'notify2'
[8.105s] DEBUG:colcon.colcon_notification.desktop_notification.notify2:Failed to initialize notify2: org.freedesktop.DBus.Error.ServiceUnknown: The name org.freedesktop.Notifications was not provided by any .service files
[8.105s] DEBUG:colcon.colcon_core.event_reactor:joined thread
[8.110s] INFO:colcon.colcon_core.shell:Creating prefix script '/home/pi/Embedded_Linux_Project/ros2_ws/install/local_setup.ps1'
[8.116s] INFO:colcon.colcon_core.shell:Creating prefix util module '/home/pi/Embedded_Linux_Project/ros2_ws/install/_local_setup_util_ps1.py'
[8.123s] INFO:colcon.colcon_core.shell:Creating prefix chain script '/home/pi/Embedded_Linux_Project/ros2_ws/install/setup.ps1'
[8.131s] INFO:colcon.colcon_core.shell:Creating prefix script '/home/pi/Embedded_Linux_Project/ros2_ws/install/local_setup.sh'
[8.136s] INFO:colcon.colcon_core.shell:Creating prefix util module '/home/pi/Embedded_Linux_Project/ros2_ws/install/_local_setup_util_sh.py'
[8.139s] INFO:colcon.colcon_core.shell:Creating prefix chain script '/home/pi/Embedded_Linux_Project/ros2_ws/install/setup.sh'
[8.149s] INFO:colcon.colcon_core.shell:Creating prefix script '/home/pi/Embedded_Linux_Project/ros2_ws/install/local_setup.bash'
[8.152s] INFO:colcon.colcon_core.shell:Creating prefix chain script '/home/pi/Embedded_Linux_Project/ros2_ws/install/setup.bash'
[8.159s] INFO:colcon.colcon_core.shell:Creating prefix script '/home/pi/Embedded_Linux_Project/ros2_ws/install/local_setup.zsh'
[8.162s] INFO:colcon.colcon_core.shell:Creating prefix chain script '/home/pi/Embedded_Linux_Project/ros2_ws/install/setup.zsh'
