/home/pi/Embedded_Linux_Project/ros2_ws/install/emli_package/lib/python3.10/site-packages/emli_package/log_sensors.py
/home/pi/Embedded_Linux_Project/ros2_ws/install/emli_package/lib/python3.10/site-packages/emli_package/set_led.py
/home/pi/Embedded_Linux_Project/ros2_ws/install/emli_package/lib/python3.10/site-packages/emli_package/button_run_pump.py
/home/pi/Embedded_Linux_Project/ros2_ws/install/emli_package/lib/python3.10/site-packages/emli_package/run_pump.py
/home/pi/Embedded_Linux_Project/ros2_ws/install/emli_package/lib/python3.10/site-packages/emli_package/__init__.py
/home/pi/Embedded_Linux_Project/ros2_ws/install/emli_package/lib/python3.10/site-packages/emli_package/test_node.py
/home/pi/Embedded_Linux_Project/ros2_ws/install/emli_package/lib/python3.10/site-packages/emli_package/read_sensor_function.py
/home/pi/Embedded_Linux_Project/ros2_ws/install/emli_package/lib/python3.10/site-packages/emli_package/publisher_member_function.py
/home/pi/Embedded_Linux_Project/ros2_ws/install/emli_package/lib/python3.10/site-packages/emli_package/t12_pump.py
/home/pi/Embedded_Linux_Project/ros2_ws/install/emli_package/lib/python3.10/site-packages/emli_package/read_button.py
/home/pi/Embedded_Linux_Project/ros2_ws/install/emli_package/lib/python3.10/site-packages/emli_package/moisture_run_pump.py
/home/pi/Embedded_Linux_Project/ros2_ws/install/emli_package/lib/python3.10/site-packages/emli_package/subscriber_member_function.py
/home/pi/Embedded_Linux_Project/ros2_ws/install/emli_package/lib/python3.10/site-packages/emli_package/__pycache__/log_sensors.cpython-310.pyc
/home/pi/Embedded_Linux_Project/ros2_ws/install/emli_package/lib/python3.10/site-packages/emli_package/__pycache__/set_led.cpython-310.pyc
/home/pi/Embedded_Linux_Project/ros2_ws/install/emli_package/lib/python3.10/site-packages/emli_package/__pycache__/button_run_pump.cpython-310.pyc
/home/pi/Embedded_Linux_Project/ros2_ws/install/emli_package/lib/python3.10/site-packages/emli_package/__pycache__/run_pump.cpython-310.pyc
/home/pi/Embedded_Linux_Project/ros2_ws/install/emli_package/lib/python3.10/site-packages/emli_package/__pycache__/__init__.cpython-310.pyc
/home/pi/Embedded_Linux_Project/ros2_ws/install/emli_package/lib/python3.10/site-packages/emli_package/__pycache__/test_node.cpython-310.pyc
/home/pi/Embedded_Linux_Project/ros2_ws/install/emli_package/lib/python3.10/site-packages/emli_package/__pycache__/read_sensor_function.cpython-310.pyc
/home/pi/Embedded_Linux_Project/ros2_ws/install/emli_package/lib/python3.10/site-packages/emli_package/__pycache__/publisher_member_function.cpython-310.pyc
/home/pi/Embedded_Linux_Project/ros2_ws/install/emli_package/lib/python3.10/site-packages/emli_package/__pycache__/t12_pump.cpython-310.pyc
/home/pi/Embedded_Linux_Project/ros2_ws/install/emli_package/lib/python3.10/site-packages/emli_package/__pycache__/read_button.cpython-310.pyc
/home/pi/Embedded_Linux_Project/ros2_ws/install/emli_package/lib/python3.10/site-packages/emli_package/__pycache__/moisture_run_pump.cpython-310.pyc
/home/pi/Embedded_Linux_Project/ros2_ws/install/emli_package/lib/python3.10/site-packages/emli_package/__pycache__/subscriber_member_function.cpython-310.pyc
/home/pi/Embedded_Linux_Project/ros2_ws/install/emli_package/share/emli_package/launch/emli.launch.py
/home/pi/Embedded_Linux_Project/ros2_ws/install/emli_package/lib/python3.10/site-packages/emli_package-0.0.0-py3.10.egg-info/SOURCES.txt
/home/pi/Embedded_Linux_Project/ros2_ws/install/emli_package/lib/python3.10/site-packages/emli_package-0.0.0-py3.10.egg-info/entry_points.txt
/home/pi/Embedded_Linux_Project/ros2_ws/install/emli_package/lib/python3.10/site-packages/emli_package-0.0.0-py3.10.egg-info/zip-safe
/home/pi/Embedded_Linux_Project/ros2_ws/install/emli_package/lib/python3.10/site-packages/emli_package-0.0.0-py3.10.egg-info/PKG-INFO
/home/pi/Embedded_Linux_Project/ros2_ws/install/emli_package/lib/python3.10/site-packages/emli_package-0.0.0-py3.10.egg-info/dependency_links.txt
/home/pi/Embedded_Linux_Project/ros2_ws/install/emli_package/lib/python3.10/site-packages/emli_package-0.0.0-py3.10.egg-info/requires.txt
/home/pi/Embedded_Linux_Project/ros2_ws/install/emli_package/lib/python3.10/site-packages/emli_package-0.0.0-py3.10.egg-info/top_level.txt
/home/pi/Embedded_Linux_Project/ros2_ws/install/emli_package/lib/emli_package/Activate_Pump
/home/pi/Embedded_Linux_Project/ros2_ws/install/emli_package/lib/emli_package/Button_Pub
/home/pi/Embedded_Linux_Project/ros2_ws/install/emli_package/lib/emli_package/Button_Pump
/home/pi/Embedded_Linux_Project/ros2_ws/install/emli_package/lib/emli_package/Log_Info
/home/pi/Embedded_Linux_Project/ros2_ws/install/emli_package/lib/emli_package/Moisture_Pump
/home/pi/Embedded_Linux_Project/ros2_ws/install/emli_package/lib/emli_package/Sensor_Pub
/home/pi/Embedded_Linux_Project/ros2_ws/install/emli_package/lib/emli_package/Set_LEDs
/home/pi/Embedded_Linux_Project/ros2_ws/install/emli_package/lib/emli_package/T12_Pump
