[1.051s] Invoking command in '/home/frederikrehhoff/Dev/Embedded_Linux_Project/ros2_ws/py_pubsub': PYTHONPATH=/home/frederikrehhoff/Dev/Embedded_Linux_Project/ros2_ws/build/py_pubsub/prefix_override:/home/frederikrehhoff/Dev/Embedded_Linux_Project/ros2_ws/install/py_pubsub/lib/python3.10/site-packages:${PYTHONPATH} /usr/bin/python3 setup.py egg_info --egg-base ../build/py_pubsub build --build-base /home/frederikrehhoff/Dev/Embedded_Linux_Project/ros2_ws/build/py_pubsub/build install --record /home/frederikrehhoff/Dev/Embedded_Linux_Project/ros2_ws/build/py_pubsub/install.log --single-version-externally-managed
[1.474s] running egg_info
[1.475s] writing ../build/py_pubsub/py_pubsub.egg-info/PKG-INFO
[1.475s] writing dependency_links to ../build/py_pubsub/py_pubsub.egg-info/dependency_links.txt
[1.475s] writing entry points to ../build/py_pubsub/py_pubsub.egg-info/entry_points.txt
[1.476s] writing requirements to ../build/py_pubsub/py_pubsub.egg-info/requires.txt
[1.476s] writing top-level names to ../build/py_pubsub/py_pubsub.egg-info/top_level.txt
[1.479s] reading manifest file '../build/py_pubsub/py_pubsub.egg-info/SOURCES.txt'
[1.480s] writing manifest file '../build/py_pubsub/py_pubsub.egg-info/SOURCES.txt'
[1.480s] running build
[1.481s] running build_py
[1.481s] running install
[1.481s] /usr/lib/python3/dist-packages/setuptools/command/install.py:34: SetuptoolsDeprecationWarning: setup.py install is deprecated. Use build and pip and other standards-based tools.
[1.481s]   warnings.warn(
[1.481s] running install_lib
[1.483s] running install_data
[1.484s] running install_egg_info
[1.487s] removing '/home/frederikrehhoff/Dev/Embedded_Linux_Project/ros2_ws/install/py_pubsub/lib/python3.10/site-packages/py_pubsub-0.0.0-py3.10.egg-info' (and everything under it)
[1.488s] Copying ../build/py_pubsub/py_pubsub.egg-info to /home/frederikrehhoff/Dev/Embedded_Linux_Project/ros2_ws/install/py_pubsub/lib/python3.10/site-packages/py_pubsub-0.0.0-py3.10.egg-info
[1.489s] running install_scripts
[1.516s] writing list of installed files to '/home/frederikrehhoff/Dev/Embedded_Linux_Project/ros2_ws/build/py_pubsub/install.log'
[1.556s] Invoked command in '/home/frederikrehhoff/Dev/Embedded_Linux_Project/ros2_ws/py_pubsub' returned '0': PYTHONPATH=/home/frederikrehhoff/Dev/Embedded_Linux_Project/ros2_ws/build/py_pubsub/prefix_override:/home/frederikrehhoff/Dev/Embedded_Linux_Project/ros2_ws/install/py_pubsub/lib/python3.10/site-packages:${PYTHONPATH} /usr/bin/python3 setup.py egg_info --egg-base ../build/py_pubsub build --build-base /home/frederikrehhoff/Dev/Embedded_Linux_Project/ros2_ws/build/py_pubsub/build install --record /home/frederikrehhoff/Dev/Embedded_Linux_Project/ros2_ws/build/py_pubsub/install.log --single-version-externally-managed
