[3.122s] Invoking command in '/home/pi/Embedded_Linux_Project/ros2_ws/src/emli_package': PYTHONPATH=/home/pi/Embedded_Linux_Project/ros2_ws/build/emli_package/prefix_override:/home/pi/Embedded_Linux_Project/ros2_ws/install/emli_package/lib/python3.10/site-packages:${PYTHONPATH} /usr/bin/python3 setup.py egg_info --egg-base ../../build/emli_package build --build-base /home/pi/Embedded_Linux_Project/ros2_ws/build/emli_package/build install --record /home/pi/Embedded_Linux_Project/ros2_ws/build/emli_package/install.log --single-version-externally-managed
[4.315s] running egg_info
[4.318s] writing ../../build/emli_package/emli_package.egg-info/PKG-INFO
[4.319s] writing dependency_links to ../../build/emli_package/emli_package.egg-info/dependency_links.txt
[4.320s] writing entry points to ../../build/emli_package/emli_package.egg-info/entry_points.txt
[4.320s] writing requirements to ../../build/emli_package/emli_package.egg-info/requires.txt
[4.321s] writing top-level names to ../../build/emli_package/emli_package.egg-info/top_level.txt
[4.331s] reading manifest file '../../build/emli_package/emli_package.egg-info/SOURCES.txt'
[4.335s] writing manifest file '../../build/emli_package/emli_package.egg-info/SOURCES.txt'
[4.336s] running build
[4.336s] running build_py
[4.339s] copying emli_package/t12_pump.py -> /home/pi/Embedded_Linux_Project/ros2_ws/build/emli_package/build/lib/emli_package
[4.341s] running install
[4.342s] /usr/lib/python3/dist-packages/setuptools/command/install.py:34: SetuptoolsDeprecationWarning: setup.py install is deprecated. Use build and pip and other standards-based tools.
[4.342s]   warnings.warn(
[4.343s] running install_lib
[4.348s] copying /home/pi/Embedded_Linux_Project/ros2_ws/build/emli_package/build/lib/emli_package/t12_pump.py -> /home/pi/Embedded_Linux_Project/ros2_ws/install/emli_package/lib/python3.10/site-packages/emli_package
[4.353s] byte-compiling /home/pi/Embedded_Linux_Project/ros2_ws/install/emli_package/lib/python3.10/site-packages/emli_package/t12_pump.py to t12_pump.cpython-310.pyc
[4.355s] running install_data
[4.358s] copying launch/emli.launch.py -> /home/pi/Embedded_Linux_Project/ros2_ws/install/emli_package/share/emli_package/launch
[4.359s] running install_egg_info
[4.365s] removing '/home/pi/Embedded_Linux_Project/ros2_ws/install/emli_package/lib/python3.10/site-packages/emli_package-0.0.0-py3.10.egg-info' (and everything under it)
[4.366s] Copying ../../build/emli_package/emli_package.egg-info to /home/pi/Embedded_Linux_Project/ros2_ws/install/emli_package/lib/python3.10/site-packages/emli_package-0.0.0-py3.10.egg-info
[4.372s] running install_scripts
[4.449s] Installing Activate_Pump script to /home/pi/Embedded_Linux_Project/ros2_ws/install/emli_package/lib/emli_package
[4.450s] Installing Button_Pub script to /home/pi/Embedded_Linux_Project/ros2_ws/install/emli_package/lib/emli_package
[4.451s] Installing Button_Pump script to /home/pi/Embedded_Linux_Project/ros2_ws/install/emli_package/lib/emli_package
[4.452s] Installing Log_Info script to /home/pi/Embedded_Linux_Project/ros2_ws/install/emli_package/lib/emli_package
[4.452s] Installing Moisture_Pump script to /home/pi/Embedded_Linux_Project/ros2_ws/install/emli_package/lib/emli_package
[4.453s] Installing Sensor_Pub script to /home/pi/Embedded_Linux_Project/ros2_ws/install/emli_package/lib/emli_package
[4.454s] Installing T12_Pump = emli_package.t12_pump:mainSet_LEDs script to /home/pi/Embedded_Linux_Project/ros2_ws/install/emli_package/lib/emli_package
[4.457s] writing list of installed files to '/home/pi/Embedded_Linux_Project/ros2_ws/build/emli_package/install.log'
[4.576s] Invoked command in '/home/pi/Embedded_Linux_Project/ros2_ws/src/emli_package' returned '0': PYTHONPATH=/home/pi/Embedded_Linux_Project/ros2_ws/build/emli_package/prefix_override:/home/pi/Embedded_Linux_Project/ros2_ws/install/emli_package/lib/python3.10/site-packages:${PYTHONPATH} /usr/bin/python3 setup.py egg_info --egg-base ../../build/emli_package build --build-base /home/pi/Embedded_Linux_Project/ros2_ws/build/emli_package/build install --record /home/pi/Embedded_Linux_Project/ros2_ws/build/emli_package/install.log --single-version-externally-managed
