[1.035s] Invoking command in '/home/frederikrehhoff/Dev/Embedded_Linux_Project/ros2_ws/src/emli_package': PYTHONPATH=/home/frederikrehhoff/Dev/Embedded_Linux_Project/ros2_ws/build/emli_package/prefix_override:/home/frederikrehhoff/Dev/Embedded_Linux_Project/ros2_ws/install/emli_package/lib/python3.10/site-packages:${PYTHONPATH} /usr/bin/python3 setup.py egg_info --egg-base ../../build/emli_package build --build-base /home/frederikrehhoff/Dev/Embedded_Linux_Project/ros2_ws/build/emli_package/build install --record /home/frederikrehhoff/Dev/Embedded_Linux_Project/ros2_ws/build/emli_package/install.log --single-version-externally-managed
[1.326s] running egg_info
[1.328s] writing ../../build/emli_package/emli_package.egg-info/PKG-INFO
[1.328s] writing dependency_links to ../../build/emli_package/emli_package.egg-info/dependency_links.txt
[1.328s] writing entry points to ../../build/emli_package/emli_package.egg-info/entry_points.txt
[1.328s] writing requirements to ../../build/emli_package/emli_package.egg-info/requires.txt
[1.329s] writing top-level names to ../../build/emli_package/emli_package.egg-info/top_level.txt
[1.333s] reading manifest file '../../build/emli_package/emli_package.egg-info/SOURCES.txt'
[1.334s] writing manifest file '../../build/emli_package/emli_package.egg-info/SOURCES.txt'
[1.335s] running build
[1.335s] running build_py
[1.335s] running install
[1.335s] /usr/lib/python3/dist-packages/setuptools/command/install.py:34: SetuptoolsDeprecationWarning: setup.py install is deprecated. Use build and pip and other standards-based tools.
[1.336s]   warnings.warn(
[1.336s] running install_lib
[1.337s] running install_data
[1.338s] running install_egg_info
[1.339s] removing '/home/frederikrehhoff/Dev/Embedded_Linux_Project/ros2_ws/install/emli_package/lib/python3.10/site-packages/emli_package-0.0.0-py3.10.egg-info' (and everything under it)
[1.340s] Copying ../../build/emli_package/emli_package.egg-info to /home/frederikrehhoff/Dev/Embedded_Linux_Project/ros2_ws/install/emli_package/lib/python3.10/site-packages/emli_package-0.0.0-py3.10.egg-info
[1.340s] running install_scripts
[1.361s] Installing random_talker script to /home/frederikrehhoff/Dev/Embedded_Linux_Project/ros2_ws/install/emli_package/lib/emli_package
[1.361s] Installing test_node script to /home/frederikrehhoff/Dev/Embedded_Linux_Project/ros2_ws/install/emli_package/lib/emli_package
[1.362s] writing list of installed files to '/home/frederikrehhoff/Dev/Embedded_Linux_Project/ros2_ws/build/emli_package/install.log'
[1.388s] Invoked command in '/home/frederikrehhoff/Dev/Embedded_Linux_Project/ros2_ws/src/emli_package' returned '0': PYTHONPATH=/home/frederikrehhoff/Dev/Embedded_Linux_Project/ros2_ws/build/emli_package/prefix_override:/home/frederikrehhoff/Dev/Embedded_Linux_Project/ros2_ws/install/emli_package/lib/python3.10/site-packages:${PYTHONPATH} /usr/bin/python3 setup.py egg_info --egg-base ../../build/emli_package build --build-base /home/frederikrehhoff/Dev/Embedded_Linux_Project/ros2_ws/build/emli_package/build install --record /home/frederikrehhoff/Dev/Embedded_Linux_Project/ros2_ws/build/emli_package/install.log --single-version-externally-managed
