[0.329s] DEBUG:colcon:Command line arguments: ['/usr/bin/colcon', 'build']
[0.329s] DEBUG:colcon:Parsed command line arguments: Namespace(log_base=None, log_level=None, verb_name='build', build_base='build', install_base='install', merge_install=False, symlink_install=False, test_result_base=None, continue_on_error=False, executor='parallel', parallel_workers=8, event_handlers=None, ignore_user_meta=False, metas=['./colcon.meta'], base_paths=['.'], packages_ignore=None, packages_ignore_regex=None, paths=None, packages_up_to=None, packages_up_to_regex=None, packages_above=None, packages_above_and_dependencies=None, packages_above_depth=None, packages_select_by_dep=None, packages_skip_by_dep=None, packages_skip_up_to=None, packages_select_build_failed=False, packages_skip_build_finished=False, packages_select_test_failures=False, packages_skip_test_passed=False, packages_select=None, packages_skip=None, packages_select_regex=None, packages_skip_regex=None, packages_start=None, packages_end=None, allow_overriding=[], cmake_args=None, cmake_target=None, cmake_target_skip_unavailable=False, cmake_clean_cache=False, cmake_clean_first=False, cmake_force_configure=False, ament_cmake_args=None, catkin_cmake_args=None, catkin_skip_building_tests=False, verb_parser=<colcon_defaults.argument_parser.defaults.DefaultArgumentsDecorator object at 0x7f781bcaef20>, verb_extension=<colcon_core.verb.build.BuildVerb object at 0x7f781c68ba60>, main=<bound method BuildVerb.main of <colcon_core.verb.build.BuildVerb object at 0x7f781c68ba60>>)
[0.350s] Level 1:colcon.colcon_core.package_discovery:discover_packages(colcon_meta) check parameters
[0.350s] Level 1:colcon.colcon_core.package_discovery:discover_packages(recursive) check parameters
[0.350s] Level 1:colcon.colcon_core.package_discovery:discover_packages(ignore) check parameters
[0.350s] Level 1:colcon.colcon_core.package_discovery:discover_packages(path) check parameters
[0.350s] Level 1:colcon.colcon_core.package_discovery:discover_packages(colcon_meta) discover
[0.350s] Level 1:colcon.colcon_core.package_discovery:discover_packages(recursive) discover
[0.350s] INFO:colcon.colcon_core.package_discovery:Crawling recursively for packages in '/home/frederikrehhoff/Dev/Embedded_Linux_Project/ros2_ws'
[0.350s] Level 1:colcon.colcon_core.package_identification:_identify(.) by extensions ['ignore', 'ignore_ament_install']
[0.350s] Level 1:colcon.colcon_core.package_identification:_identify(.) by extension 'ignore'
[0.350s] Level 1:colcon.colcon_core.package_identification:_identify(.) by extension 'ignore_ament_install'
[0.350s] Level 1:colcon.colcon_core.package_identification:_identify(.) by extensions ['colcon_pkg']
[0.350s] Level 1:colcon.colcon_core.package_identification:_identify(.) by extension 'colcon_pkg'
[0.350s] Level 1:colcon.colcon_core.package_identification:_identify(.) by extensions ['colcon_meta']
[0.350s] Level 1:colcon.colcon_core.package_identification:_identify(.) by extension 'colcon_meta'
[0.350s] Level 1:colcon.colcon_core.package_identification:_identify(.) by extensions ['ros']
[0.350s] Level 1:colcon.colcon_core.package_identification:_identify(.) by extension 'ros'
[0.360s] Level 1:colcon.colcon_core.package_identification:_identify(.) by extensions ['cmake', 'python']
[0.360s] Level 1:colcon.colcon_core.package_identification:_identify(.) by extension 'cmake'
[0.360s] Level 1:colcon.colcon_core.package_identification:_identify(.) by extension 'python'
[0.360s] Level 1:colcon.colcon_core.package_identification:_identify(.) by extensions ['python_setup_py']
[0.360s] Level 1:colcon.colcon_core.package_identification:_identify(.) by extension 'python_setup_py'
[0.360s] Level 1:colcon.colcon_core.package_identification:_identify(build) by extensions ['ignore', 'ignore_ament_install']
[0.360s] Level 1:colcon.colcon_core.package_identification:_identify(build) by extension 'ignore'
[0.360s] Level 1:colcon.colcon_core.package_identification:_identify(build) ignored
[0.360s] Level 1:colcon.colcon_core.package_identification:_identify(install) by extensions ['ignore', 'ignore_ament_install']
[0.360s] Level 1:colcon.colcon_core.package_identification:_identify(install) by extension 'ignore'
[0.360s] Level 1:colcon.colcon_core.package_identification:_identify(install) ignored
[0.360s] Level 1:colcon.colcon_core.package_identification:_identify(log) by extensions ['ignore', 'ignore_ament_install']
[0.360s] Level 1:colcon.colcon_core.package_identification:_identify(log) by extension 'ignore'
[0.361s] Level 1:colcon.colcon_core.package_identification:_identify(log) ignored
[0.361s] Level 1:colcon.colcon_core.package_identification:_identify(py_pubsub) by extensions ['ignore', 'ignore_ament_install']
[0.361s] Level 1:colcon.colcon_core.package_identification:_identify(py_pubsub) by extension 'ignore'
[0.361s] Level 1:colcon.colcon_core.package_identification:_identify(py_pubsub) by extension 'ignore_ament_install'
[0.361s] Level 1:colcon.colcon_core.package_identification:_identify(py_pubsub) by extensions ['colcon_pkg']
[0.361s] Level 1:colcon.colcon_core.package_identification:_identify(py_pubsub) by extension 'colcon_pkg'
[0.361s] Level 1:colcon.colcon_core.package_identification:_identify(py_pubsub) by extensions ['colcon_meta']
[0.361s] Level 1:colcon.colcon_core.package_identification:_identify(py_pubsub) by extension 'colcon_meta'
[0.361s] Level 1:colcon.colcon_core.package_identification:_identify(py_pubsub) by extensions ['ros']
[0.361s] Level 1:colcon.colcon_core.package_identification:_identify(py_pubsub) by extension 'ros'
[0.363s] DEBUG:colcon.colcon_core.package_identification:Package 'py_pubsub' with type 'ros.ament_python' and name 'py_pubsub'
[0.363s] Level 1:colcon.colcon_core.package_identification:_identify(src) by extensions ['ignore', 'ignore_ament_install']
[0.363s] Level 1:colcon.colcon_core.package_identification:_identify(src) by extension 'ignore'
[0.363s] Level 1:colcon.colcon_core.package_identification:_identify(src) by extension 'ignore_ament_install'
[0.363s] Level 1:colcon.colcon_core.package_identification:_identify(src) by extensions ['colcon_pkg']
[0.363s] Level 1:colcon.colcon_core.package_identification:_identify(src) by extension 'colcon_pkg'
[0.363s] Level 1:colcon.colcon_core.package_identification:_identify(src) by extensions ['colcon_meta']
[0.364s] Level 1:colcon.colcon_core.package_identification:_identify(src) by extension 'colcon_meta'
[0.364s] Level 1:colcon.colcon_core.package_identification:_identify(src) by extensions ['ros']
[0.364s] Level 1:colcon.colcon_core.package_identification:_identify(src) by extension 'ros'
[0.364s] Level 1:colcon.colcon_core.package_identification:_identify(src) by extensions ['cmake', 'python']
[0.364s] Level 1:colcon.colcon_core.package_identification:_identify(src) by extension 'cmake'
[0.364s] Level 1:colcon.colcon_core.package_identification:_identify(src) by extension 'python'
[0.364s] Level 1:colcon.colcon_core.package_identification:_identify(src) by extensions ['python_setup_py']
[0.364s] Level 1:colcon.colcon_core.package_identification:_identify(src) by extension 'python_setup_py'
[0.364s] Level 1:colcon.colcon_core.package_identification:_identify(src/emli_package) by extensions ['ignore', 'ignore_ament_install']
[0.364s] Level 1:colcon.colcon_core.package_identification:_identify(src/emli_package) by extension 'ignore'
[0.364s] Level 1:colcon.colcon_core.package_identification:_identify(src/emli_package) by extension 'ignore_ament_install'
[0.364s] Level 1:colcon.colcon_core.package_identification:_identify(src/emli_package) by extensions ['colcon_pkg']
[0.364s] Level 1:colcon.colcon_core.package_identification:_identify(src/emli_package) by extension 'colcon_pkg'
[0.364s] Level 1:colcon.colcon_core.package_identification:_identify(src/emli_package) by extensions ['colcon_meta']
[0.364s] Level 1:colcon.colcon_core.package_identification:_identify(src/emli_package) by extension 'colcon_meta'
[0.364s] Level 1:colcon.colcon_core.package_identification:_identify(src/emli_package) by extensions ['ros']
[0.364s] Level 1:colcon.colcon_core.package_identification:_identify(src/emli_package) by extension 'ros'
[0.365s] DEBUG:colcon.colcon_core.package_identification:Package 'src/emli_package' with type 'ros.ament_python' and name 'emli_package'
[0.365s] Level 1:colcon.colcon_core.package_discovery:discover_packages(recursive) using defaults
[0.365s] Level 1:colcon.colcon_core.package_discovery:discover_packages(ignore) discover
[0.365s] Level 1:colcon.colcon_core.package_discovery:discover_packages(ignore) using defaults
[0.365s] Level 1:colcon.colcon_core.package_discovery:discover_packages(path) discover
[0.365s] Level 1:colcon.colcon_core.package_discovery:discover_packages(path) using defaults
[0.385s] Level 1:colcon.colcon_core.package_discovery:discover_packages(prefix_path) check parameters
[0.385s] Level 1:colcon.colcon_core.package_discovery:discover_packages(prefix_path) discover
[0.387s] DEBUG:colcon.colcon_installed_package_information.package_discovery:Found 2 installed packages in /home/frederikrehhoff/Dev/Embedded_Linux_Project/ros2_ws/install
[0.388s] DEBUG:colcon.colcon_installed_package_information.package_discovery:Found 180 installed packages in /opt/ros/humble
[0.389s] Level 1:colcon.colcon_core.package_discovery:discover_packages(prefix_path) using defaults
[0.422s] Level 5:colcon.colcon_core.verb:set package 'emli_package' build argument 'cmake_args' from command line to 'None'
[0.422s] Level 5:colcon.colcon_core.verb:set package 'emli_package' build argument 'cmake_target' from command line to 'None'
[0.422s] Level 5:colcon.colcon_core.verb:set package 'emli_package' build argument 'cmake_target_skip_unavailable' from command line to 'False'
[0.422s] Level 5:colcon.colcon_core.verb:set package 'emli_package' build argument 'cmake_clean_cache' from command line to 'False'
[0.422s] Level 5:colcon.colcon_core.verb:set package 'emli_package' build argument 'cmake_clean_first' from command line to 'False'
[0.422s] Level 5:colcon.colcon_core.verb:set package 'emli_package' build argument 'cmake_force_configure' from command line to 'False'
[0.422s] Level 5:colcon.colcon_core.verb:set package 'emli_package' build argument 'ament_cmake_args' from command line to 'None'
[0.422s] Level 5:colcon.colcon_core.verb:set package 'emli_package' build argument 'catkin_cmake_args' from command line to 'None'
[0.422s] Level 5:colcon.colcon_core.verb:set package 'emli_package' build argument 'catkin_skip_building_tests' from command line to 'False'
[0.422s] DEBUG:colcon.colcon_core.verb:Building package 'emli_package' with the following arguments: {'ament_cmake_args': None, 'build_base': '/home/frederikrehhoff/Dev/Embedded_Linux_Project/ros2_ws/build/emli_package', 'catkin_cmake_args': None, 'catkin_skip_building_tests': False, 'cmake_args': None, 'cmake_clean_cache': False, 'cmake_clean_first': False, 'cmake_force_configure': False, 'cmake_target': None, 'cmake_target_skip_unavailable': False, 'install_base': '/home/frederikrehhoff/Dev/Embedded_Linux_Project/ros2_ws/install/emli_package', 'merge_install': False, 'path': '/home/frederikrehhoff/Dev/Embedded_Linux_Project/ros2_ws/src/emli_package', 'symlink_install': False, 'test_result_base': None}
[0.423s] Level 5:colcon.colcon_core.verb:set package 'py_pubsub' build argument 'cmake_args' from command line to 'None'
[0.423s] Level 5:colcon.colcon_core.verb:set package 'py_pubsub' build argument 'cmake_target' from command line to 'None'
[0.423s] Level 5:colcon.colcon_core.verb:set package 'py_pubsub' build argument 'cmake_target_skip_unavailable' from command line to 'False'
[0.423s] Level 5:colcon.colcon_core.verb:set package 'py_pubsub' build argument 'cmake_clean_cache' from command line to 'False'
[0.423s] Level 5:colcon.colcon_core.verb:set package 'py_pubsub' build argument 'cmake_clean_first' from command line to 'False'
[0.423s] Level 5:colcon.colcon_core.verb:set package 'py_pubsub' build argument 'cmake_force_configure' from command line to 'False'
[0.423s] Level 5:colcon.colcon_core.verb:set package 'py_pubsub' build argument 'ament_cmake_args' from command line to 'None'
[0.423s] Level 5:colcon.colcon_core.verb:set package 'py_pubsub' build argument 'catkin_cmake_args' from command line to 'None'
[0.423s] Level 5:colcon.colcon_core.verb:set package 'py_pubsub' build argument 'catkin_skip_building_tests' from command line to 'False'
[0.423s] DEBUG:colcon.colcon_core.verb:Building package 'py_pubsub' with the following arguments: {'ament_cmake_args': None, 'build_base': '/home/frederikrehhoff/Dev/Embedded_Linux_Project/ros2_ws/build/py_pubsub', 'catkin_cmake_args': None, 'catkin_skip_building_tests': False, 'cmake_args': None, 'cmake_clean_cache': False, 'cmake_clean_first': False, 'cmake_force_configure': False, 'cmake_target': None, 'cmake_target_skip_unavailable': False, 'install_base': '/home/frederikrehhoff/Dev/Embedded_Linux_Project/ros2_ws/install/py_pubsub', 'merge_install': False, 'path': '/home/frederikrehhoff/Dev/Embedded_Linux_Project/ros2_ws/py_pubsub', 'symlink_install': False, 'test_result_base': None}
[0.424s] INFO:colcon.colcon_core.executor:Executing jobs using 'parallel' executor
[0.427s] DEBUG:colcon.colcon_parallel_executor.executor.parallel:run_until_complete
[0.427s] INFO:colcon.colcon_ros.task.ament_python.build:Building ROS package in '/home/frederikrehhoff/Dev/Embedded_Linux_Project/ros2_ws/src/emli_package' with build type 'ament_python'
[0.427s] Level 1:colcon.colcon_core.shell:create_environment_hook('emli_package', 'ament_prefix_path')
[0.431s] INFO:colcon.colcon_core.plugin_system:Skipping extension 'colcon_core.shell.bat': Not used on non-Windows systems
[0.431s] INFO:colcon.colcon_core.shell:Creating environment hook '/home/frederikrehhoff/Dev/Embedded_Linux_Project/ros2_ws/install/emli_package/share/emli_package/hook/ament_prefix_path.ps1'
[0.432s] INFO:colcon.colcon_core.shell:Creating environment descriptor '/home/frederikrehhoff/Dev/Embedded_Linux_Project/ros2_ws/install/emli_package/share/emli_package/hook/ament_prefix_path.dsv'
[0.432s] INFO:colcon.colcon_core.shell:Creating environment hook '/home/frederikrehhoff/Dev/Embedded_Linux_Project/ros2_ws/install/emli_package/share/emli_package/hook/ament_prefix_path.sh'
[0.433s] INFO:colcon.colcon_core.shell:Skip shell extension 'powershell' for command environment: Not usable outside of PowerShell
[0.434s] DEBUG:colcon.colcon_core.shell:Skip shell extension 'dsv' for command environment
[0.437s] INFO:colcon.colcon_ros.task.ament_python.build:Building ROS package in '/home/frederikrehhoff/Dev/Embedded_Linux_Project/ros2_ws/py_pubsub' with build type 'ament_python'
[0.437s] Level 1:colcon.colcon_core.shell:create_environment_hook('py_pubsub', 'ament_prefix_path')
[0.438s] INFO:colcon.colcon_core.shell:Creating environment hook '/home/frederikrehhoff/Dev/Embedded_Linux_Project/ros2_ws/install/py_pubsub/share/py_pubsub/hook/ament_prefix_path.ps1'
[0.439s] INFO:colcon.colcon_core.shell:Creating environment descriptor '/home/frederikrehhoff/Dev/Embedded_Linux_Project/ros2_ws/install/py_pubsub/share/py_pubsub/hook/ament_prefix_path.dsv'
[0.439s] INFO:colcon.colcon_core.shell:Creating environment hook '/home/frederikrehhoff/Dev/Embedded_Linux_Project/ros2_ws/install/py_pubsub/share/py_pubsub/hook/ament_prefix_path.sh'
[0.441s] INFO:colcon.colcon_core.shell:Skip shell extension 'powershell' for command environment: Not usable outside of PowerShell
[0.441s] DEBUG:colcon.colcon_core.shell:Skip shell extension 'dsv' for command environment
[0.729s] INFO:colcon.colcon_core.task.python.build:Building Python package in '/home/frederikrehhoff/Dev/Embedded_Linux_Project/ros2_ws/src/emli_package'
[0.730s] INFO:colcon.colcon_core.shell:Skip shell extension 'powershell' for command environment: Not usable outside of PowerShell
[0.730s] DEBUG:colcon.colcon_core.shell:Skip shell extension 'dsv' for command environment
[1.014s] INFO:colcon.colcon_core.task.python.build:Building Python package in '/home/frederikrehhoff/Dev/Embedded_Linux_Project/ros2_ws/py_pubsub'
[1.015s] INFO:colcon.colcon_core.shell:Skip shell extension 'powershell' for command environment: Not usable outside of PowerShell
[1.016s] DEBUG:colcon.colcon_core.shell:Skip shell extension 'dsv' for command environment
[1.491s] DEBUG:colcon.colcon_core.event_handler.log_command:Invoking command in '/home/frederikrehhoff/Dev/Embedded_Linux_Project/ros2_ws/src/emli_package': PYTHONPATH=/home/frederikrehhoff/Dev/Embedded_Linux_Project/ros2_ws/build/emli_package/prefix_override:/home/frederikrehhoff/Dev/Embedded_Linux_Project/ros2_ws/install/emli_package/lib/python3.10/site-packages:${PYTHONPATH} /usr/bin/python3 setup.py egg_info --egg-base ../../build/emli_package build --build-base /home/frederikrehhoff/Dev/Embedded_Linux_Project/ros2_ws/build/emli_package/build install --record /home/frederikrehhoff/Dev/Embedded_Linux_Project/ros2_ws/build/emli_package/install.log --single-version-externally-managed
[1.497s] DEBUG:colcon.colcon_core.event_handler.log_command:Invoking command in '/home/frederikrehhoff/Dev/Embedded_Linux_Project/ros2_ws/py_pubsub': PYTHONPATH=/home/frederikrehhoff/Dev/Embedded_Linux_Project/ros2_ws/build/py_pubsub/prefix_override:/home/frederikrehhoff/Dev/Embedded_Linux_Project/ros2_ws/install/py_pubsub/lib/python3.10/site-packages:${PYTHONPATH} /usr/bin/python3 setup.py egg_info --egg-base ../build/py_pubsub build --build-base /home/frederikrehhoff/Dev/Embedded_Linux_Project/ros2_ws/build/py_pubsub/build install --record /home/frederikrehhoff/Dev/Embedded_Linux_Project/ros2_ws/build/py_pubsub/install.log --single-version-externally-managed
[1.896s] DEBUG:colcon.colcon_core.event_handler.log_command:Invoked command in '/home/frederikrehhoff/Dev/Embedded_Linux_Project/ros2_ws/src/emli_package' returned '0': PYTHONPATH=/home/frederikrehhoff/Dev/Embedded_Linux_Project/ros2_ws/build/emli_package/prefix_override:/home/frederikrehhoff/Dev/Embedded_Linux_Project/ros2_ws/install/emli_package/lib/python3.10/site-packages:${PYTHONPATH} /usr/bin/python3 setup.py egg_info --egg-base ../../build/emli_package build --build-base /home/frederikrehhoff/Dev/Embedded_Linux_Project/ros2_ws/build/emli_package/build install --record /home/frederikrehhoff/Dev/Embedded_Linux_Project/ros2_ws/build/emli_package/install.log --single-version-externally-managed
[1.901s] Level 1:colcon.colcon_core.environment:checking '/home/frederikrehhoff/Dev/Embedded_Linux_Project/ros2_ws/install/emli_package' for CMake module files
[1.901s] Level 1:colcon.colcon_core.environment:checking '/home/frederikrehhoff/Dev/Embedded_Linux_Project/ros2_ws/install/emli_package' for CMake config files
[1.902s] Level 1:colcon.colcon_core.environment:checking '/home/frederikrehhoff/Dev/Embedded_Linux_Project/ros2_ws/install/emli_package/lib'
[1.903s] Level 1:colcon.colcon_core.environment:checking '/home/frederikrehhoff/Dev/Embedded_Linux_Project/ros2_ws/install/emli_package/bin'
[1.903s] Level 1:colcon.colcon_core.environment:checking '/home/frederikrehhoff/Dev/Embedded_Linux_Project/ros2_ws/install/emli_package/lib/pkgconfig/emli_package.pc'
[1.903s] Level 1:colcon.colcon_core.environment:checking '/home/frederikrehhoff/Dev/Embedded_Linux_Project/ros2_ws/install/emli_package/lib/python3.10/site-packages'
[1.903s] Level 1:colcon.colcon_core.shell:create_environment_hook('emli_package', 'pythonpath')
[1.905s] INFO:colcon.colcon_core.shell:Creating environment hook '/home/frederikrehhoff/Dev/Embedded_Linux_Project/ros2_ws/install/emli_package/share/emli_package/hook/pythonpath.ps1'
[1.905s] INFO:colcon.colcon_core.shell:Creating environment descriptor '/home/frederikrehhoff/Dev/Embedded_Linux_Project/ros2_ws/install/emli_package/share/emli_package/hook/pythonpath.dsv'
[1.906s] INFO:colcon.colcon_core.shell:Creating environment hook '/home/frederikrehhoff/Dev/Embedded_Linux_Project/ros2_ws/install/emli_package/share/emli_package/hook/pythonpath.sh'
[1.906s] Level 1:colcon.colcon_core.environment:checking '/home/frederikrehhoff/Dev/Embedded_Linux_Project/ros2_ws/install/emli_package/bin'
[1.906s] Level 1:colcon.colcon_core.environment:create_environment_scripts_only(emli_package)
[1.908s] INFO:colcon.colcon_core.shell:Creating package script '/home/frederikrehhoff/Dev/Embedded_Linux_Project/ros2_ws/install/emli_package/share/emli_package/package.ps1'
[1.909s] INFO:colcon.colcon_core.shell:Creating package descriptor '/home/frederikrehhoff/Dev/Embedded_Linux_Project/ros2_ws/install/emli_package/share/emli_package/package.dsv'
[1.910s] INFO:colcon.colcon_core.shell:Creating package script '/home/frederikrehhoff/Dev/Embedded_Linux_Project/ros2_ws/install/emli_package/share/emli_package/package.sh'
[1.911s] INFO:colcon.colcon_core.shell:Creating package script '/home/frederikrehhoff/Dev/Embedded_Linux_Project/ros2_ws/install/emli_package/share/emli_package/package.bash'
[1.912s] INFO:colcon.colcon_core.shell:Creating package script '/home/frederikrehhoff/Dev/Embedded_Linux_Project/ros2_ws/install/emli_package/share/emli_package/package.zsh'
[1.912s] Level 1:colcon.colcon_core.environment:create_file_with_runtime_dependencies(/home/frederikrehhoff/Dev/Embedded_Linux_Project/ros2_ws/install/emli_package/share/colcon-core/packages/emli_package)
[1.915s] Level 1:colcon.colcon_core.environment:checking '/home/frederikrehhoff/Dev/Embedded_Linux_Project/ros2_ws/install/py_pubsub' for CMake module files
[1.916s] Level 1:colcon.colcon_core.environment:checking '/home/frederikrehhoff/Dev/Embedded_Linux_Project/ros2_ws/install/py_pubsub' for CMake config files
[1.916s] DEBUG:colcon.colcon_core.event_handler.log_command:Invoked command in '/home/frederikrehhoff/Dev/Embedded_Linux_Project/ros2_ws/py_pubsub' returned '0': PYTHONPATH=/home/frederikrehhoff/Dev/Embedded_Linux_Project/ros2_ws/build/py_pubsub/prefix_override:/home/frederikrehhoff/Dev/Embedded_Linux_Project/ros2_ws/install/py_pubsub/lib/python3.10/site-packages:${PYTHONPATH} /usr/bin/python3 setup.py egg_info --egg-base ../build/py_pubsub build --build-base /home/frederikrehhoff/Dev/Embedded_Linux_Project/ros2_ws/build/py_pubsub/build install --record /home/frederikrehhoff/Dev/Embedded_Linux_Project/ros2_ws/build/py_pubsub/install.log --single-version-externally-managed
[1.917s] Level 1:colcon.colcon_core.environment:checking '/home/frederikrehhoff/Dev/Embedded_Linux_Project/ros2_ws/install/py_pubsub/lib'
[1.917s] Level 1:colcon.colcon_core.environment:checking '/home/frederikrehhoff/Dev/Embedded_Linux_Project/ros2_ws/install/py_pubsub/bin'
[1.917s] Level 1:colcon.colcon_core.environment:checking '/home/frederikrehhoff/Dev/Embedded_Linux_Project/ros2_ws/install/py_pubsub/lib/pkgconfig/py_pubsub.pc'
[1.917s] Level 1:colcon.colcon_core.environment:checking '/home/frederikrehhoff/Dev/Embedded_Linux_Project/ros2_ws/install/py_pubsub/lib/python3.10/site-packages'
[1.917s] Level 1:colcon.colcon_core.shell:create_environment_hook('py_pubsub', 'pythonpath')
[1.918s] INFO:colcon.colcon_core.shell:Creating environment hook '/home/frederikrehhoff/Dev/Embedded_Linux_Project/ros2_ws/install/py_pubsub/share/py_pubsub/hook/pythonpath.ps1'
[1.919s] INFO:colcon.colcon_core.shell:Creating environment descriptor '/home/frederikrehhoff/Dev/Embedded_Linux_Project/ros2_ws/install/py_pubsub/share/py_pubsub/hook/pythonpath.dsv'
[1.919s] INFO:colcon.colcon_core.shell:Creating environment hook '/home/frederikrehhoff/Dev/Embedded_Linux_Project/ros2_ws/install/py_pubsub/share/py_pubsub/hook/pythonpath.sh'
[1.920s] Level 1:colcon.colcon_core.environment:checking '/home/frederikrehhoff/Dev/Embedded_Linux_Project/ros2_ws/install/py_pubsub/bin'
[1.920s] Level 1:colcon.colcon_core.environment:create_environment_scripts_only(py_pubsub)
[1.922s] INFO:colcon.colcon_core.shell:Creating package script '/home/frederikrehhoff/Dev/Embedded_Linux_Project/ros2_ws/install/py_pubsub/share/py_pubsub/package.ps1'
[1.922s] INFO:colcon.colcon_core.shell:Creating package descriptor '/home/frederikrehhoff/Dev/Embedded_Linux_Project/ros2_ws/install/py_pubsub/share/py_pubsub/package.dsv'
[1.923s] INFO:colcon.colcon_core.shell:Creating package script '/home/frederikrehhoff/Dev/Embedded_Linux_Project/ros2_ws/install/py_pubsub/share/py_pubsub/package.sh'
[1.923s] INFO:colcon.colcon_core.shell:Creating package script '/home/frederikrehhoff/Dev/Embedded_Linux_Project/ros2_ws/install/py_pubsub/share/py_pubsub/package.bash'
[1.923s] INFO:colcon.colcon_core.shell:Creating package script '/home/frederikrehhoff/Dev/Embedded_Linux_Project/ros2_ws/install/py_pubsub/share/py_pubsub/package.zsh'
[1.924s] Level 1:colcon.colcon_core.environment:create_file_with_runtime_dependencies(/home/frederikrehhoff/Dev/Embedded_Linux_Project/ros2_ws/install/py_pubsub/share/colcon-core/packages/py_pubsub)
[1.924s] DEBUG:colcon.colcon_parallel_executor.executor.parallel:closing loop
[1.924s] DEBUG:colcon.colcon_parallel_executor.executor.parallel:loop closed
[1.924s] DEBUG:colcon.colcon_parallel_executor.executor.parallel:run_until_complete finished with '0'
[1.924s] DEBUG:colcon.colcon_core.event_reactor:joining thread
[1.929s] INFO:colcon.colcon_core.plugin_system:Skipping extension 'colcon_notification.desktop_notification.terminal_notifier': Not used on non-Darwin systems
[1.929s] INFO:colcon.colcon_core.plugin_system:Skipping extension 'colcon_notification.desktop_notification.win32': Not used on non-Windows systems
[1.929s] INFO:colcon.colcon_notification.desktop_notification:Sending desktop notification using 'notify2'
[1.939s] DEBUG:colcon.colcon_core.event_reactor:joined thread
[1.940s] INFO:colcon.colcon_core.shell:Creating prefix script '/home/frederikrehhoff/Dev/Embedded_Linux_Project/ros2_ws/install/local_setup.ps1'
[1.941s] INFO:colcon.colcon_core.shell:Creating prefix util module '/home/frederikrehhoff/Dev/Embedded_Linux_Project/ros2_ws/install/_local_setup_util_ps1.py'
[1.943s] INFO:colcon.colcon_core.shell:Creating prefix chain script '/home/frederikrehhoff/Dev/Embedded_Linux_Project/ros2_ws/install/setup.ps1'
[1.946s] INFO:colcon.colcon_core.shell:Creating prefix script '/home/frederikrehhoff/Dev/Embedded_Linux_Project/ros2_ws/install/local_setup.sh'
[1.946s] INFO:colcon.colcon_core.shell:Creating prefix util module '/home/frederikrehhoff/Dev/Embedded_Linux_Project/ros2_ws/install/_local_setup_util_sh.py'
[1.947s] INFO:colcon.colcon_core.shell:Creating prefix chain script '/home/frederikrehhoff/Dev/Embedded_Linux_Project/ros2_ws/install/setup.sh'
[1.948s] INFO:colcon.colcon_core.shell:Creating prefix script '/home/frederikrehhoff/Dev/Embedded_Linux_Project/ros2_ws/install/local_setup.bash'
[1.949s] INFO:colcon.colcon_core.shell:Creating prefix chain script '/home/frederikrehhoff/Dev/Embedded_Linux_Project/ros2_ws/install/setup.bash'
[1.950s] INFO:colcon.colcon_core.shell:Creating prefix script '/home/frederikrehhoff/Dev/Embedded_Linux_Project/ros2_ws/install/local_setup.zsh'
[1.951s] INFO:colcon.colcon_core.shell:Creating prefix chain script '/home/frederikrehhoff/Dev/Embedded_Linux_Project/ros2_ws/install/setup.zsh'
