[0.720s] Invoking command in '/home/frederikrehhoff/Dev/Embedded_Linux_Project/ros2_ws/src/emli_package': PYTHONPATH=/home/frederikrehhoff/Dev/Embedded_Linux_Project/ros2_ws/build/emli_package/prefix_override:/home/frederikrehhoff/Dev/Embedded_Linux_Project/ros2_ws/install/emli_package/lib/python3.10/site-packages:${PYTHONPATH} /usr/bin/python3 setup.py egg_info --egg-base ../../build/emli_package build --build-base /home/frederikrehhoff/Dev/Embedded_Linux_Project/ros2_ws/build/emli_package/build install --record /home/frederikrehhoff/Dev/Embedded_Linux_Project/ros2_ws/build/emli_package/install.log --single-version-externally-managed
[0.999s] running egg_info
[1.000s] writing ../../build/emli_package/emli_package.egg-info/PKG-INFO
[1.001s] writing dependency_links to ../../build/emli_package/emli_package.egg-info/dependency_links.txt
[1.001s] writing entry points to ../../build/emli_package/emli_package.egg-info/entry_points.txt
[1.001s] writing requirements to ../../build/emli_package/emli_package.egg-info/requires.txt
[1.001s] writing top-level names to ../../build/emli_package/emli_package.egg-info/top_level.txt
[1.003s] reading manifest file '../../build/emli_package/emli_package.egg-info/SOURCES.txt'
[1.004s] writing manifest file '../../build/emli_package/emli_package.egg-info/SOURCES.txt'
[1.004s] running build
[1.004s] running build_py
[1.004s] copying emli_package/publisher_member_function.py -> /home/frederikrehhoff/Dev/Embedded_Linux_Project/ros2_ws/build/emli_package/build/lib/emli_package
[1.005s] running install
[1.005s] /usr/lib/python3/dist-packages/setuptools/command/install.py:34: SetuptoolsDeprecationWarning: setup.py install is deprecated. Use build and pip and other standards-based tools.
[1.005s]   warnings.warn(
[1.005s] running install_lib
[1.006s] copying /home/frederikrehhoff/Dev/Embedded_Linux_Project/ros2_ws/build/emli_package/build/lib/emli_package/publisher_member_function.py -> /home/frederikrehhoff/Dev/Embedded_Linux_Project/ros2_ws/install/emli_package/lib/python3.10/site-packages/emli_package
[1.006s] byte-compiling /home/frederikrehhoff/Dev/Embedded_Linux_Project/ros2_ws/install/emli_package/lib/python3.10/site-packages/emli_package/publisher_member_function.py to publisher_member_function.cpython-310.pyc
[1.007s] running install_data
[1.007s] running install_egg_info
[1.009s] removing '/home/frederikrehhoff/Dev/Embedded_Linux_Project/ros2_ws/install/emli_package/lib/python3.10/site-packages/emli_package-0.0.0-py3.10.egg-info' (and everything under it)
[1.009s] Copying ../../build/emli_package/emli_package.egg-info to /home/frederikrehhoff/Dev/Embedded_Linux_Project/ros2_ws/install/emli_package/lib/python3.10/site-packages/emli_package-0.0.0-py3.10.egg-info
[1.010s] running install_scripts
[1.027s] Installing random_talker script to /home/frederikrehhoff/Dev/Embedded_Linux_Project/ros2_ws/install/emli_package/lib/emli_package
[1.027s] Installing test_node script to /home/frederikrehhoff/Dev/Embedded_Linux_Project/ros2_ws/install/emli_package/lib/emli_package
[1.028s] writing list of installed files to '/home/frederikrehhoff/Dev/Embedded_Linux_Project/ros2_ws/build/emli_package/install.log'
[1.057s] Invoked command in '/home/frederikrehhoff/Dev/Embedded_Linux_Project/ros2_ws/src/emli_package' returned '0': PYTHONPATH=/home/frederikrehhoff/Dev/Embedded_Linux_Project/ros2_ws/build/emli_package/prefix_override:/home/frederikrehhoff/Dev/Embedded_Linux_Project/ros2_ws/install/emli_package/lib/python3.10/site-packages:${PYTHONPATH} /usr/bin/python3 setup.py egg_info --egg-base ../../build/emli_package build --build-base /home/frederikrehhoff/Dev/Embedded_Linux_Project/ros2_ws/build/emli_package/build install --record /home/frederikrehhoff/Dev/Embedded_Linux_Project/ros2_ws/build/emli_package/install.log --single-version-externally-managed
