[1.092s] Invoking command in '/home/frederikrehhoff/Dev/Embedded_Linux_Project/ros2_ws/py_pubsub': PYTHONPATH=/home/frederikrehhoff/Dev/Embedded_Linux_Project/ros2_ws/build/py_pubsub/prefix_override:/home/frederikrehhoff/Dev/Embedded_Linux_Project/ros2_ws/install/py_pubsub/lib/python3.10/site-packages:${PYTHONPATH} /usr/bin/python3 setup.py egg_info --egg-base ../build/py_pubsub build --build-base /home/frederikrehhoff/Dev/Embedded_Linux_Project/ros2_ws/build/py_pubsub/build install --record /home/frederikrehhoff/Dev/Embedded_Linux_Project/ros2_ws/build/py_pubsub/install.log --single-version-externally-managed
[1.434s] running egg_info
[1.435s] creating ../build/py_pubsub/py_pubsub.egg-info
[1.436s] writing ../build/py_pubsub/py_pubsub.egg-info/PKG-INFO
[1.436s] writing dependency_links to ../build/py_pubsub/py_pubsub.egg-info/dependency_links.txt
[1.436s] writing entry points to ../build/py_pubsub/py_pubsub.egg-info/entry_points.txt
[1.436s] writing requirements to ../build/py_pubsub/py_pubsub.egg-info/requires.txt
[1.436s] writing top-level names to ../build/py_pubsub/py_pubsub.egg-info/top_level.txt
[1.436s] writing manifest file '../build/py_pubsub/py_pubsub.egg-info/SOURCES.txt'
[1.439s] reading manifest file '../build/py_pubsub/py_pubsub.egg-info/SOURCES.txt'
[1.440s] writing manifest file '../build/py_pubsub/py_pubsub.egg-info/SOURCES.txt'
[1.441s] running build
[1.441s] running build_py
[1.442s] creating /home/frederikrehhoff/Dev/Embedded_Linux_Project/ros2_ws/build/py_pubsub/build
[1.442s] creating /home/frederikrehhoff/Dev/Embedded_Linux_Project/ros2_ws/build/py_pubsub/build/lib
[1.442s] creating /home/frederikrehhoff/Dev/Embedded_Linux_Project/ros2_ws/build/py_pubsub/build/lib/py_pubsub
[1.442s] copying py_pubsub/__init__.py -> /home/frederikrehhoff/Dev/Embedded_Linux_Project/ros2_ws/build/py_pubsub/build/lib/py_pubsub
[1.442s] copying py_pubsub/publisher_member_function.py -> /home/frederikrehhoff/Dev/Embedded_Linux_Project/ros2_ws/build/py_pubsub/build/lib/py_pubsub
[1.443s] running install
[1.443s] /usr/lib/python3/dist-packages/setuptools/command/install.py:34: SetuptoolsDeprecationWarning: setup.py install is deprecated. Use build and pip and other standards-based tools.
[1.443s]   warnings.warn(
[1.443s] running install_lib
[1.444s] creating /home/frederikrehhoff/Dev/Embedded_Linux_Project/ros2_ws/install/py_pubsub/lib/python3.10/site-packages/py_pubsub
[1.444s] copying /home/frederikrehhoff/Dev/Embedded_Linux_Project/ros2_ws/build/py_pubsub/build/lib/py_pubsub/__init__.py -> /home/frederikrehhoff/Dev/Embedded_Linux_Project/ros2_ws/install/py_pubsub/lib/python3.10/site-packages/py_pubsub
[1.444s] copying /home/frederikrehhoff/Dev/Embedded_Linux_Project/ros2_ws/build/py_pubsub/build/lib/py_pubsub/publisher_member_function.py -> /home/frederikrehhoff/Dev/Embedded_Linux_Project/ros2_ws/install/py_pubsub/lib/python3.10/site-packages/py_pubsub
[1.445s] byte-compiling /home/frederikrehhoff/Dev/Embedded_Linux_Project/ros2_ws/install/py_pubsub/lib/python3.10/site-packages/py_pubsub/__init__.py to __init__.cpython-310.pyc
[1.445s] byte-compiling /home/frederikrehhoff/Dev/Embedded_Linux_Project/ros2_ws/install/py_pubsub/lib/python3.10/site-packages/py_pubsub/publisher_member_function.py to publisher_member_function.cpython-310.pyc
[1.446s] running install_data
[1.447s] creating /home/frederikrehhoff/Dev/Embedded_Linux_Project/ros2_ws/install/py_pubsub/share/ament_index
[1.447s] creating /home/frederikrehhoff/Dev/Embedded_Linux_Project/ros2_ws/install/py_pubsub/share/ament_index/resource_index
[1.447s] creating /home/frederikrehhoff/Dev/Embedded_Linux_Project/ros2_ws/install/py_pubsub/share/ament_index/resource_index/packages
[1.448s] copying resource/py_pubsub -> /home/frederikrehhoff/Dev/Embedded_Linux_Project/ros2_ws/install/py_pubsub/share/ament_index/resource_index/packages
[1.448s] copying package.xml -> /home/frederikrehhoff/Dev/Embedded_Linux_Project/ros2_ws/install/py_pubsub/share/py_pubsub
[1.448s] running install_egg_info
[1.450s] Copying ../build/py_pubsub/py_pubsub.egg-info to /home/frederikrehhoff/Dev/Embedded_Linux_Project/ros2_ws/install/py_pubsub/lib/python3.10/site-packages/py_pubsub-0.0.0-py3.10.egg-info
[1.451s] running install_scripts
[1.477s] writing list of installed files to '/home/frederikrehhoff/Dev/Embedded_Linux_Project/ros2_ws/build/py_pubsub/install.log'
[1.509s] Invoked command in '/home/frederikrehhoff/Dev/Embedded_Linux_Project/ros2_ws/py_pubsub' returned '0': PYTHONPATH=/home/frederikrehhoff/Dev/Embedded_Linux_Project/ros2_ws/build/py_pubsub/prefix_override:/home/frederikrehhoff/Dev/Embedded_Linux_Project/ros2_ws/install/py_pubsub/lib/python3.10/site-packages:${PYTHONPATH} /usr/bin/python3 setup.py egg_info --egg-base ../build/py_pubsub build --build-base /home/frederikrehhoff/Dev/Embedded_Linux_Project/ros2_ws/build/py_pubsub/build install --record /home/frederikrehhoff/Dev/Embedded_Linux_Project/ros2_ws/build/py_pubsub/install.log --single-version-externally-managed
