[0.852s] Invoking command in '/home/frederikrehhoff/Dev/Embedded_Linux_Project/ros2_ws/src/emli_package': PYTHONPATH=/home/frederikrehhoff/Dev/Embedded_Linux_Project/ros2_ws/build/emli_package/prefix_override:/home/frederikrehhoff/Dev/Embedded_Linux_Project/ros2_ws/install/emli_package/lib/python3.10/site-packages:${PYTHONPATH} /usr/bin/python3 setup.py egg_info --egg-base ../../build/emli_package build --build-base /home/frederikrehhoff/Dev/Embedded_Linux_Project/ros2_ws/build/emli_package/build install --record /home/frederikrehhoff/Dev/Embedded_Linux_Project/ros2_ws/build/emli_package/install.log --single-version-externally-managed
[1.169s] running egg_info
[1.171s] writing ../../build/emli_package/emli_package.egg-info/PKG-INFO
[1.171s] writing dependency_links to ../../build/emli_package/emli_package.egg-info/dependency_links.txt
[1.171s] writing entry points to ../../build/emli_package/emli_package.egg-info/entry_points.txt
[1.172s] writing requirements to ../../build/emli_package/emli_package.egg-info/requires.txt
[1.172s] writing top-level names to ../../build/emli_package/emli_package.egg-info/top_level.txt
[1.175s] reading manifest file '../../build/emli_package/emli_package.egg-info/SOURCES.txt'
[1.176s] writing manifest file '../../build/emli_package/emli_package.egg-info/SOURCES.txt'
[1.177s] running build
[1.177s] running build_py
[1.177s] running install
[1.177s] /usr/lib/python3/dist-packages/setuptools/command/install.py:34: SetuptoolsDeprecationWarning: setup.py install is deprecated. Use build and pip and other standards-based tools.
[1.177s]   warnings.warn(
[1.178s] running install_lib
[1.179s] running install_data
[1.180s] running install_egg_info
[1.181s] removing '/home/frederikrehhoff/Dev/Embedded_Linux_Project/ros2_ws/install/emli_package/lib/python3.10/site-packages/emli_package-0.0.0-py3.10.egg-info' (and everything under it)
[1.182s] Copying ../../build/emli_package/emli_package.egg-info to /home/frederikrehhoff/Dev/Embedded_Linux_Project/ros2_ws/install/emli_package/lib/python3.10/site-packages/emli_package-0.0.0-py3.10.egg-info
[1.183s] running install_scripts
[1.200s] Installing random_talker script to /home/frederikrehhoff/Dev/Embedded_Linux_Project/ros2_ws/install/emli_package/lib/emli_package
[1.200s] Installing test_node script to /home/frederikrehhoff/Dev/Embedded_Linux_Project/ros2_ws/install/emli_package/lib/emli_package
[1.201s] writing list of installed files to '/home/frederikrehhoff/Dev/Embedded_Linux_Project/ros2_ws/build/emli_package/install.log'
[1.227s] Invoked command in '/home/frederikrehhoff/Dev/Embedded_Linux_Project/ros2_ws/src/emli_package' returned '0': PYTHONPATH=/home/frederikrehhoff/Dev/Embedded_Linux_Project/ros2_ws/build/emli_package/prefix_override:/home/frederikrehhoff/Dev/Embedded_Linux_Project/ros2_ws/install/emli_package/lib/python3.10/site-packages:${PYTHONPATH} /usr/bin/python3 setup.py egg_info --egg-base ../../build/emli_package build --build-base /home/frederikrehhoff/Dev/Embedded_Linux_Project/ros2_ws/build/emli_package/build install --record /home/frederikrehhoff/Dev/Embedded_Linux_Project/ros2_ws/build/emli_package/install.log --single-version-externally-managed
