[4.083s] Invoking command in '/home/pi/Embedded_Linux_Project/ros2_ws/src/emli_package': PYTHONPATH=/home/pi/Embedded_Linux_Project/ros2_ws/build/emli_package/prefix_override:/home/pi/Embedded_Linux_Project/ros2_ws/install/emli_package/lib/python3.10/site-packages:${PYTHONPATH} /usr/bin/python3 setup.py egg_info --egg-base ../../build/emli_package build --build-base /home/pi/Embedded_Linux_Project/ros2_ws/build/emli_package/build install --record /home/pi/Embedded_Linux_Project/ros2_ws/build/emli_package/install.log --single-version-externally-managed
[5.658s] running egg_info
[5.661s] writing ../../build/emli_package/emli_package.egg-info/PKG-INFO
[5.665s] writing dependency_links to ../../build/emli_package/emli_package.egg-info/dependency_links.txt
[5.667s] writing entry points to ../../build/emli_package/emli_package.egg-info/entry_points.txt
[5.667s] writing requirements to ../../build/emli_package/emli_package.egg-info/requires.txt
[5.668s] writing top-level names to ../../build/emli_package/emli_package.egg-info/top_level.txt
[5.680s] reading manifest file '../../build/emli_package/emli_package.egg-info/SOURCES.txt'
[5.687s] writing manifest file '../../build/emli_package/emli_package.egg-info/SOURCES.txt'
[5.687s] running build
[5.688s] running build_py
[5.691s] copying emli_package/button_run_pump.py -> /home/pi/Embedded_Linux_Project/ros2_ws/build/emli_package/build/lib/emli_package
[5.692s] copying emli_package/run_pump.py -> /home/pi/Embedded_Linux_Project/ros2_ws/build/emli_package/build/lib/emli_package
[5.695s] copying emli_package/read_button.py -> /home/pi/Embedded_Linux_Project/ros2_ws/build/emli_package/build/lib/emli_package
[5.697s] running install
[5.701s] /usr/lib/python3/dist-packages/setuptools/command/install.py:34: SetuptoolsDeprecationWarning: setup.py install is deprecated. Use build and pip and other standards-based tools.
[5.701s]   warnings.warn(
[5.702s] running install_lib
[5.707s] copying /home/pi/Embedded_Linux_Project/ros2_ws/build/emli_package/build/lib/emli_package/button_run_pump.py -> /home/pi/Embedded_Linux_Project/ros2_ws/install/emli_package/lib/python3.10/site-packages/emli_package
[5.708s] copying /home/pi/Embedded_Linux_Project/ros2_ws/build/emli_package/build/lib/emli_package/run_pump.py -> /home/pi/Embedded_Linux_Project/ros2_ws/install/emli_package/lib/python3.10/site-packages/emli_package
[5.710s] copying /home/pi/Embedded_Linux_Project/ros2_ws/build/emli_package/build/lib/emli_package/read_button.py -> /home/pi/Embedded_Linux_Project/ros2_ws/install/emli_package/lib/python3.10/site-packages/emli_package
[5.714s] byte-compiling /home/pi/Embedded_Linux_Project/ros2_ws/install/emli_package/lib/python3.10/site-packages/emli_package/button_run_pump.py to button_run_pump.cpython-310.pyc
[5.717s] byte-compiling /home/pi/Embedded_Linux_Project/ros2_ws/install/emli_package/lib/python3.10/site-packages/emli_package/run_pump.py to run_pump.cpython-310.pyc
[5.721s] byte-compiling /home/pi/Embedded_Linux_Project/ros2_ws/install/emli_package/lib/python3.10/site-packages/emli_package/read_button.py to read_button.cpython-310.pyc
[5.724s] running install_data
[5.726s] running install_egg_info
[5.734s] removing '/home/pi/Embedded_Linux_Project/ros2_ws/install/emli_package/lib/python3.10/site-packages/emli_package-0.0.0-py3.10.egg-info' (and everything under it)
[5.736s] Copying ../../build/emli_package/emli_package.egg-info to /home/pi/Embedded_Linux_Project/ros2_ws/install/emli_package/lib/python3.10/site-packages/emli_package-0.0.0-py3.10.egg-info
[5.746s] running install_scripts
[5.835s] Installing Activate_Pump script to /home/pi/Embedded_Linux_Project/ros2_ws/install/emli_package/lib/emli_package
[5.836s] Installing Button_Pub script to /home/pi/Embedded_Linux_Project/ros2_ws/install/emli_package/lib/emli_package
[5.837s] Installing Button_Pump script to /home/pi/Embedded_Linux_Project/ros2_ws/install/emli_package/lib/emli_package
[5.838s] Installing Log_Info script to /home/pi/Embedded_Linux_Project/ros2_ws/install/emli_package/lib/emli_package
[5.839s] Installing Moisture_Pump script to /home/pi/Embedded_Linux_Project/ros2_ws/install/emli_package/lib/emli_package
[5.840s] Installing Sensor_Pub script to /home/pi/Embedded_Linux_Project/ros2_ws/install/emli_package/lib/emli_package
[5.841s] Installing Set_LEDs script to /home/pi/Embedded_Linux_Project/ros2_ws/install/emli_package/lib/emli_package
[5.844s] writing list of installed files to '/home/pi/Embedded_Linux_Project/ros2_ws/build/emli_package/install.log'
[5.980s] Invoked command in '/home/pi/Embedded_Linux_Project/ros2_ws/src/emli_package' returned '0': PYTHONPATH=/home/pi/Embedded_Linux_Project/ros2_ws/build/emli_package/prefix_override:/home/pi/Embedded_Linux_Project/ros2_ws/install/emli_package/lib/python3.10/site-packages:${PYTHONPATH} /usr/bin/python3 setup.py egg_info --egg-base ../../build/emli_package build --build-base /home/pi/Embedded_Linux_Project/ros2_ws/build/emli_package/build install --record /home/pi/Embedded_Linux_Project/ros2_ws/build/emli_package/install.log --single-version-externally-managed
