[1.846s] DEBUG:colcon:Command line arguments: ['/usr/bin/colcon', 'build']
[1.846s] DEBUG:colcon:Parsed command line arguments: Namespace(log_base=None, log_level=None, verb_name='build', build_base='build', install_base='install', merge_install=False, symlink_install=False, test_result_base=None, continue_on_error=False, executor='parallel', parallel_workers=4, event_handlers=None, ignore_user_meta=False, metas=['./colcon.meta'], base_paths=['.'], packages_ignore=None, packages_ignore_regex=None, paths=None, packages_up_to=None, packages_up_to_regex=None, packages_above=None, packages_above_and_dependencies=None, packages_above_depth=None, packages_select_by_dep=None, packages_skip_by_dep=None, packages_skip_up_to=None, packages_select_build_failed=False, packages_skip_build_finished=False, packages_select_test_failures=False, packages_skip_test_passed=False, packages_select=None, packages_skip=None, packages_select_regex=None, packages_skip_regex=None, packages_start=None, packages_end=None, allow_overriding=[], cmake_args=None, cmake_target=None, cmake_target_skip_unavailable=False, cmake_clean_cache=False, cmake_clean_first=False, cmake_force_configure=False, ament_cmake_args=None, catkin_cmake_args=None, catkin_skip_building_tests=False, verb_parser=<colcon_defaults.argument_parser.defaults.DefaultArgumentsDecorator object at 0xffff9617d570>, verb_extension=<colcon_core.verb.build.BuildVerb object at 0xffff96c24850>, main=<bound method BuildVerb.main of <colcon_core.verb.build.BuildVerb object at 0xffff96c24850>>)
[1.979s] Level 1:colcon.colcon_core.package_discovery:discover_packages(colcon_meta) check parameters
[1.980s] Level 1:colcon.colcon_core.package_discovery:discover_packages(recursive) check parameters
[1.980s] Level 1:colcon.colcon_core.package_discovery:discover_packages(ignore) check parameters
[1.980s] Level 1:colcon.colcon_core.package_discovery:discover_packages(path) check parameters
[1.980s] Level 1:colcon.colcon_core.package_discovery:discover_packages(colcon_meta) discover
[1.981s] Level 1:colcon.colcon_core.package_discovery:discover_packages(recursive) discover
[1.981s] INFO:colcon.colcon_core.package_discovery:Crawling recursively for packages in '/home/pi/Embedded_Linux_Project/ros2_ws'
[1.981s] Level 1:colcon.colcon_core.package_identification:_identify(.) by extensions ['ignore', 'ignore_ament_install']
[1.982s] Level 1:colcon.colcon_core.package_identification:_identify(.) by extension 'ignore'
[1.982s] Level 1:colcon.colcon_core.package_identification:_identify(.) by extension 'ignore_ament_install'
[1.983s] Level 1:colcon.colcon_core.package_identification:_identify(.) by extensions ['colcon_pkg']
[1.983s] Level 1:colcon.colcon_core.package_identification:_identify(.) by extension 'colcon_pkg'
[1.984s] Level 1:colcon.colcon_core.package_identification:_identify(.) by extensions ['colcon_meta']
[1.984s] Level 1:colcon.colcon_core.package_identification:_identify(.) by extension 'colcon_meta'
[1.984s] Level 1:colcon.colcon_core.package_identification:_identify(.) by extensions ['ros']
[1.985s] Level 1:colcon.colcon_core.package_identification:_identify(.) by extension 'ros'
[2.032s] Level 1:colcon.colcon_core.package_identification:_identify(.) by extensions ['cmake', 'python']
[2.032s] Level 1:colcon.colcon_core.package_identification:_identify(.) by extension 'cmake'
[2.033s] Level 1:colcon.colcon_core.package_identification:_identify(.) by extension 'python'
[2.033s] Level 1:colcon.colcon_core.package_identification:_identify(.) by extensions ['python_setup_py']
[2.033s] Level 1:colcon.colcon_core.package_identification:_identify(.) by extension 'python_setup_py'
[2.034s] Level 1:colcon.colcon_core.package_identification:_identify(build) by extensions ['ignore', 'ignore_ament_install']
[2.034s] Level 1:colcon.colcon_core.package_identification:_identify(build) by extension 'ignore'
[2.034s] Level 1:colcon.colcon_core.package_identification:_identify(build) ignored
[2.035s] Level 1:colcon.colcon_core.package_identification:_identify(install) by extensions ['ignore', 'ignore_ament_install']
[2.036s] Level 1:colcon.colcon_core.package_identification:_identify(install) by extension 'ignore'
[2.036s] Level 1:colcon.colcon_core.package_identification:_identify(install) ignored
[2.037s] Level 1:colcon.colcon_core.package_identification:_identify(log) by extensions ['ignore', 'ignore_ament_install']
[2.037s] Level 1:colcon.colcon_core.package_identification:_identify(log) by extension 'ignore'
[2.038s] Level 1:colcon.colcon_core.package_identification:_identify(log) ignored
[2.038s] Level 1:colcon.colcon_core.package_identification:_identify(src) by extensions ['ignore', 'ignore_ament_install']
[2.039s] Level 1:colcon.colcon_core.package_identification:_identify(src) by extension 'ignore'
[2.040s] Level 1:colcon.colcon_core.package_identification:_identify(src) by extension 'ignore_ament_install'
[2.041s] Level 1:colcon.colcon_core.package_identification:_identify(src) by extensions ['colcon_pkg']
[2.041s] Level 1:colcon.colcon_core.package_identification:_identify(src) by extension 'colcon_pkg'
[2.042s] Level 1:colcon.colcon_core.package_identification:_identify(src) by extensions ['colcon_meta']
[2.042s] Level 1:colcon.colcon_core.package_identification:_identify(src) by extension 'colcon_meta'
[2.042s] Level 1:colcon.colcon_core.package_identification:_identify(src) by extensions ['ros']
[2.043s] Level 1:colcon.colcon_core.package_identification:_identify(src) by extension 'ros'
[2.043s] Level 1:colcon.colcon_core.package_identification:_identify(src) by extensions ['cmake', 'python']
[2.043s] Level 1:colcon.colcon_core.package_identification:_identify(src) by extension 'cmake'
[2.044s] Level 1:colcon.colcon_core.package_identification:_identify(src) by extension 'python'
[2.044s] Level 1:colcon.colcon_core.package_identification:_identify(src) by extensions ['python_setup_py']
[2.044s] Level 1:colcon.colcon_core.package_identification:_identify(src) by extension 'python_setup_py'
[2.045s] Level 1:colcon.colcon_core.package_identification:_identify(src/emli_package) by extensions ['ignore', 'ignore_ament_install']
[2.045s] Level 1:colcon.colcon_core.package_identification:_identify(src/emli_package) by extension 'ignore'
[2.045s] Level 1:colcon.colcon_core.package_identification:_identify(src/emli_package) by extension 'ignore_ament_install'
[2.046s] Level 1:colcon.colcon_core.package_identification:_identify(src/emli_package) by extensions ['colcon_pkg']
[2.046s] Level 1:colcon.colcon_core.package_identification:_identify(src/emli_package) by extension 'colcon_pkg'
[2.046s] Level 1:colcon.colcon_core.package_identification:_identify(src/emli_package) by extensions ['colcon_meta']
[2.046s] Level 1:colcon.colcon_core.package_identification:_identify(src/emli_package) by extension 'colcon_meta'
[2.047s] Level 1:colcon.colcon_core.package_identification:_identify(src/emli_package) by extensions ['ros']
[2.047s] Level 1:colcon.colcon_core.package_identification:_identify(src/emli_package) by extension 'ros'
[2.068s] DEBUG:colcon.colcon_core.package_identification:Package 'src/emli_package' with type 'ros.ament_python' and name 'emli_package'
[2.068s] Level 1:colcon.colcon_core.package_discovery:discover_packages(recursive) using defaults
[2.068s] Level 1:colcon.colcon_core.package_discovery:discover_packages(ignore) discover
[2.068s] Level 1:colcon.colcon_core.package_discovery:discover_packages(ignore) using defaults
[2.068s] Level 1:colcon.colcon_core.package_discovery:discover_packages(path) discover
[2.068s] Level 1:colcon.colcon_core.package_discovery:discover_packages(path) using defaults
[2.178s] Level 1:colcon.colcon_core.package_discovery:discover_packages(prefix_path) check parameters
[2.178s] Level 1:colcon.colcon_core.package_discovery:discover_packages(prefix_path) discover
[2.193s] DEBUG:colcon.colcon_installed_package_information.package_discovery:Found 1 installed packages in /home/pi/Embedded_Linux_Project/ros2_ws/install
[2.204s] DEBUG:colcon.colcon_installed_package_information.package_discovery:Found 223 installed packages in /opt/ros/humble
[2.209s] Level 1:colcon.colcon_core.package_discovery:discover_packages(prefix_path) using defaults
[2.481s] Level 5:colcon.colcon_core.verb:set package 'emli_package' build argument 'cmake_args' from command line to 'None'
[2.481s] Level 5:colcon.colcon_core.verb:set package 'emli_package' build argument 'cmake_target' from command line to 'None'
[2.482s] Level 5:colcon.colcon_core.verb:set package 'emli_package' build argument 'cmake_target_skip_unavailable' from command line to 'False'
[2.482s] Level 5:colcon.colcon_core.verb:set package 'emli_package' build argument 'cmake_clean_cache' from command line to 'False'
[2.482s] Level 5:colcon.colcon_core.verb:set package 'emli_package' build argument 'cmake_clean_first' from command line to 'False'
[2.482s] Level 5:colcon.colcon_core.verb:set package 'emli_package' build argument 'cmake_force_configure' from command line to 'False'
[2.482s] Level 5:colcon.colcon_core.verb:set package 'emli_package' build argument 'ament_cmake_args' from command line to 'None'
[2.482s] Level 5:colcon.colcon_core.verb:set package 'emli_package' build argument 'catkin_cmake_args' from command line to 'None'
[2.482s] Level 5:colcon.colcon_core.verb:set package 'emli_package' build argument 'catkin_skip_building_tests' from command line to 'False'
[2.482s] DEBUG:colcon.colcon_core.verb:Building package 'emli_package' with the following arguments: {'ament_cmake_args': None, 'build_base': '/home/pi/Embedded_Linux_Project/ros2_ws/build/emli_package', 'catkin_cmake_args': None, 'catkin_skip_building_tests': False, 'cmake_args': None, 'cmake_clean_cache': False, 'cmake_clean_first': False, 'cmake_force_configure': False, 'cmake_target': None, 'cmake_target_skip_unavailable': False, 'install_base': '/home/pi/Embedded_Linux_Project/ros2_ws/install/emli_package', 'merge_install': False, 'path': '/home/pi/Embedded_Linux_Project/ros2_ws/src/emli_package', 'symlink_install': False, 'test_result_base': None}
[2.486s] INFO:colcon.colcon_core.executor:Executing jobs using 'parallel' executor
[2.499s] DEBUG:colcon.colcon_parallel_executor.executor.parallel:run_until_complete
[2.501s] INFO:colcon.colcon_ros.task.ament_python.build:Building ROS package in '/home/pi/Embedded_Linux_Project/ros2_ws/src/emli_package' with build type 'ament_python'
[2.501s] Level 1:colcon.colcon_core.shell:create_environment_hook('emli_package', 'ament_prefix_path')
[2.519s] INFO:colcon.colcon_core.plugin_system:Skipping extension 'colcon_core.shell.bat': Not used on non-Windows systems
[2.520s] INFO:colcon.colcon_core.shell:Creating environment hook '/home/pi/Embedded_Linux_Project/ros2_ws/install/emli_package/share/emli_package/hook/ament_prefix_path.ps1'
[2.526s] INFO:colcon.colcon_core.shell:Creating environment descriptor '/home/pi/Embedded_Linux_Project/ros2_ws/install/emli_package/share/emli_package/hook/ament_prefix_path.dsv'
[2.529s] INFO:colcon.colcon_core.shell:Creating environment hook '/home/pi/Embedded_Linux_Project/ros2_ws/install/emli_package/share/emli_package/hook/ament_prefix_path.sh'
[2.537s] INFO:colcon.colcon_core.shell:Skip shell extension 'powershell' for command environment: Not usable outside of PowerShell
[2.538s] DEBUG:colcon.colcon_core.shell:Skip shell extension 'dsv' for command environment
[3.919s] WARNING:colcon.colcon_ros.task.ament_python.build:Package 'emli_package' doesn't explicitly install a marker in the package index (colcon-ros currently does it implicitly but that fallback will be removed in the future)
[3.920s] WARNING:colcon.colcon_ros.task.ament_python.build:Package 'emli_package' doesn't explicitly install the 'package.xml' file (colcon-ros currently does it implicitly but that fallback will be removed in the future)
[3.921s] INFO:colcon.colcon_core.task.python.build:Building Python package in '/home/pi/Embedded_Linux_Project/ros2_ws/src/emli_package'
[3.927s] INFO:colcon.colcon_core.shell:Skip shell extension 'powershell' for command environment: Not usable outside of PowerShell
[3.927s] DEBUG:colcon.colcon_core.shell:Skip shell extension 'dsv' for command environment
[5.844s] DEBUG:colcon.colcon_core.event_handler.log_command:Invoking command in '/home/pi/Embedded_Linux_Project/ros2_ws/src/emli_package': PYTHONPATH=/home/pi/Embedded_Linux_Project/ros2_ws/build/emli_package/prefix_override:/home/pi/Embedded_Linux_Project/ros2_ws/install/emli_package/lib/python3.10/site-packages:${PYTHONPATH} /usr/bin/python3 setup.py egg_info --egg-base ../../build/emli_package build --build-base /home/pi/Embedded_Linux_Project/ros2_ws/build/emli_package/build install --record /home/pi/Embedded_Linux_Project/ros2_ws/build/emli_package/install.log --single-version-externally-managed
[7.312s] DEBUG:colcon.colcon_core.event_handler.log_command:Invoked command in '/home/pi/Embedded_Linux_Project/ros2_ws/src/emli_package' returned '0': PYTHONPATH=/home/pi/Embedded_Linux_Project/ros2_ws/build/emli_package/prefix_override:/home/pi/Embedded_Linux_Project/ros2_ws/install/emli_package/lib/python3.10/site-packages:${PYTHONPATH} /usr/bin/python3 setup.py egg_info --egg-base ../../build/emli_package build --build-base /home/pi/Embedded_Linux_Project/ros2_ws/build/emli_package/build install --record /home/pi/Embedded_Linux_Project/ros2_ws/build/emli_package/install.log --single-version-externally-managed
[7.350s] Level 1:colcon.colcon_core.environment:checking '/home/pi/Embedded_Linux_Project/ros2_ws/install/emli_package' for CMake module files
[7.353s] Level 1:colcon.colcon_core.environment:checking '/home/pi/Embedded_Linux_Project/ros2_ws/install/emli_package' for CMake config files
[7.358s] Level 1:colcon.colcon_core.environment:checking '/home/pi/Embedded_Linux_Project/ros2_ws/install/emli_package/lib'
[7.359s] Level 1:colcon.colcon_core.environment:checking '/home/pi/Embedded_Linux_Project/ros2_ws/install/emli_package/bin'
[7.359s] Level 1:colcon.colcon_core.environment:checking '/home/pi/Embedded_Linux_Project/ros2_ws/install/emli_package/lib/pkgconfig/emli_package.pc'
[7.361s] Level 1:colcon.colcon_core.environment:checking '/home/pi/Embedded_Linux_Project/ros2_ws/install/emli_package/lib/python3.10/site-packages'
[7.361s] Level 1:colcon.colcon_core.shell:create_environment_hook('emli_package', 'pythonpath')
[7.367s] INFO:colcon.colcon_core.shell:Creating environment hook '/home/pi/Embedded_Linux_Project/ros2_ws/install/emli_package/share/emli_package/hook/pythonpath.ps1'
[7.369s] INFO:colcon.colcon_core.shell:Creating environment descriptor '/home/pi/Embedded_Linux_Project/ros2_ws/install/emli_package/share/emli_package/hook/pythonpath.dsv'
[7.371s] INFO:colcon.colcon_core.shell:Creating environment hook '/home/pi/Embedded_Linux_Project/ros2_ws/install/emli_package/share/emli_package/hook/pythonpath.sh'
[7.373s] Level 1:colcon.colcon_core.environment:checking '/home/pi/Embedded_Linux_Project/ros2_ws/install/emli_package/bin'
[7.373s] Level 1:colcon.colcon_core.environment:create_environment_scripts_only(emli_package)
[7.379s] INFO:colcon.colcon_core.shell:Creating package script '/home/pi/Embedded_Linux_Project/ros2_ws/install/emli_package/share/emli_package/package.ps1'
[7.385s] INFO:colcon.colcon_core.shell:Creating package descriptor '/home/pi/Embedded_Linux_Project/ros2_ws/install/emli_package/share/emli_package/package.dsv'
[7.389s] INFO:colcon.colcon_core.shell:Creating package script '/home/pi/Embedded_Linux_Project/ros2_ws/install/emli_package/share/emli_package/package.sh'
[7.393s] INFO:colcon.colcon_core.shell:Creating package script '/home/pi/Embedded_Linux_Project/ros2_ws/install/emli_package/share/emli_package/package.bash'
[7.397s] INFO:colcon.colcon_core.shell:Creating package script '/home/pi/Embedded_Linux_Project/ros2_ws/install/emli_package/share/emli_package/package.zsh'
[7.401s] Level 1:colcon.colcon_core.environment:create_file_with_runtime_dependencies(/home/pi/Embedded_Linux_Project/ros2_ws/install/emli_package/share/colcon-core/packages/emli_package)
[7.403s] DEBUG:colcon.colcon_parallel_executor.executor.parallel:closing loop
[7.404s] DEBUG:colcon.colcon_parallel_executor.executor.parallel:loop closed
[7.404s] DEBUG:colcon.colcon_parallel_executor.executor.parallel:run_until_complete finished with '0'
[7.405s] DEBUG:colcon.colcon_core.event_reactor:joining thread
[7.430s] INFO:colcon.colcon_core.plugin_system:Skipping extension 'colcon_notification.desktop_notification.terminal_notifier': Not used on non-Darwin systems
[7.430s] INFO:colcon.colcon_core.plugin_system:Skipping extension 'colcon_notification.desktop_notification.win32': Not used on non-Windows systems
[7.430s] INFO:colcon.colcon_notification.desktop_notification:Sending desktop notification using 'notify2'
[7.435s] DEBUG:colcon.colcon_notification.desktop_notification.notify2:Failed to initialize notify2: org.freedesktop.DBus.Error.ServiceUnknown: The name org.freedesktop.Notifications was not provided by any .service files
[7.436s] DEBUG:colcon.colcon_core.event_reactor:joined thread
[7.441s] INFO:colcon.colcon_core.shell:Creating prefix script '/home/pi/Embedded_Linux_Project/ros2_ws/install/local_setup.ps1'
[7.445s] INFO:colcon.colcon_core.shell:Creating prefix util module '/home/pi/Embedded_Linux_Project/ros2_ws/install/_local_setup_util_ps1.py'
[7.450s] INFO:colcon.colcon_core.shell:Creating prefix chain script '/home/pi/Embedded_Linux_Project/ros2_ws/install/setup.ps1'
[7.456s] INFO:colcon.colcon_core.shell:Creating prefix script '/home/pi/Embedded_Linux_Project/ros2_ws/install/local_setup.sh'
[7.459s] INFO:colcon.colcon_core.shell:Creating prefix util module '/home/pi/Embedded_Linux_Project/ros2_ws/install/_local_setup_util_sh.py'
[7.461s] INFO:colcon.colcon_core.shell:Creating prefix chain script '/home/pi/Embedded_Linux_Project/ros2_ws/install/setup.sh'
[7.468s] INFO:colcon.colcon_core.shell:Creating prefix script '/home/pi/Embedded_Linux_Project/ros2_ws/install/local_setup.bash'
[7.470s] INFO:colcon.colcon_core.shell:Creating prefix chain script '/home/pi/Embedded_Linux_Project/ros2_ws/install/setup.bash'
[7.476s] INFO:colcon.colcon_core.shell:Creating prefix script '/home/pi/Embedded_Linux_Project/ros2_ws/install/local_setup.zsh'
[7.478s] INFO:colcon.colcon_core.shell:Creating prefix chain script '/home/pi/Embedded_Linux_Project/ros2_ws/install/setup.zsh'
