running egg_info
writing ../../build/emli_package/emli_package.egg-info/PKG-INFO
writing dependency_links to ../../build/emli_package/emli_package.egg-info/dependency_links.txt
writing entry points to ../../build/emli_package/emli_package.egg-info/entry_points.txt
writing requirements to ../../build/emli_package/emli_package.egg-info/requires.txt
writing top-level names to ../../build/emli_package/emli_package.egg-info/top_level.txt
reading manifest file '../../build/emli_package/emli_package.egg-info/SOURCES.txt'
writing manifest file '../../build/emli_package/emli_package.egg-info/SOURCES.txt'
running build
running build_py
copying emli_package/subscriber_member_function.py -> /home/frederikrehhoff/Dev/Embedded_Linux_Project/ros2_ws/build/emli_package/build/lib/emli_package
running install
running install_lib
copying /home/frederikrehhoff/Dev/Embedded_Linux_Project/ros2_ws/build/emli_package/build/lib/emli_package/subscriber_member_function.py -> /home/frederikrehhoff/Dev/Embedded_Linux_Project/ros2_ws/install/emli_package/lib/python3.10/site-packages/emli_package
byte-compiling /home/frederikrehhoff/Dev/Embedded_Linux_Project/ros2_ws/install/emli_package/lib/python3.10/site-packages/emli_package/subscriber_member_function.py to subscriber_member_function.cpython-310.pyc
running install_data
copying launch/emli.launch.py -> /home/frederikrehhoff/Dev/Embedded_Linux_Project/ros2_ws/install/emli_package/share/emli_package/launch
running install_egg_info
removing '/home/frederikrehhoff/Dev/Embedded_Linux_Project/ros2_ws/install/emli_package/lib/python3.10/site-packages/emli_package-0.0.0-py3.10.egg-info' (and everything under it)
Copying ../../build/emli_package/emli_package.egg-info to /home/frederikrehhoff/Dev/Embedded_Linux_Project/ros2_ws/install/emli_package/lib/python3.10/site-packages/emli_package-0.0.0-py3.10.egg-info
running install_scripts
Installing random_listener script to /home/frederikrehhoff/Dev/Embedded_Linux_Project/ros2_ws/install/emli_package/lib/emli_package
Installing random_talker script to /home/frederikrehhoff/Dev/Embedded_Linux_Project/ros2_ws/install/emli_package/lib/emli_package
Installing test_node script to /home/frederikrehhoff/Dev/Embedded_Linux_Project/ros2_ws/install/emli_package/lib/emli_package
writing list of installed files to '/home/frederikrehhoff/Dev/Embedded_Linux_Project/ros2_ws/build/emli_package/install.log'
