[3.281s] Invoking command in '/home/pi/Embedded_Linux_Project/ros2_ws/src/emli_package': PYTHONPATH=/home/pi/Embedded_Linux_Project/ros2_ws/build/emli_package/prefix_override:/home/pi/Embedded_Linux_Project/ros2_ws/install/emli_package/lib/python3.10/site-packages:${PYTHONPATH} /usr/bin/python3 setup.py egg_info --egg-base ../../build/emli_package build --build-base /home/pi/Embedded_Linux_Project/ros2_ws/build/emli_package/build install --record /home/pi/Embedded_Linux_Project/ros2_ws/build/emli_package/install.log --single-version-externally-managed
[4.491s] running egg_info
[4.492s] creating ../../build/emli_package/emli_package.egg-info
[4.492s] writing ../../build/emli_package/emli_package.egg-info/PKG-INFO
[4.493s] writing dependency_links to ../../build/emli_package/emli_package.egg-info/dependency_links.txt
[4.494s] writing entry points to ../../build/emli_package/emli_package.egg-info/entry_points.txt
[4.495s] writing requirements to ../../build/emli_package/emli_package.egg-info/requires.txt
[4.495s] writing top-level names to ../../build/emli_package/emli_package.egg-info/top_level.txt
[4.497s] writing manifest file '../../build/emli_package/emli_package.egg-info/SOURCES.txt'
[4.509s] reading manifest file '../../build/emli_package/emli_package.egg-info/SOURCES.txt'
[4.512s] writing manifest file '../../build/emli_package/emli_package.egg-info/SOURCES.txt'
[4.513s] running build
[4.513s] running build_py
[4.514s] creating /home/pi/Embedded_Linux_Project/ros2_ws/build/emli_package/build
[4.514s] creating /home/pi/Embedded_Linux_Project/ros2_ws/build/emli_package/build/lib
[4.514s] creating /home/pi/Embedded_Linux_Project/ros2_ws/build/emli_package/build/lib/emli_package
[4.515s] copying emli_package/emli_node.py -> /home/pi/Embedded_Linux_Project/ros2_ws/build/emli_package/build/lib/emli_package
[4.515s] copying emli_package/__init__.py -> /home/pi/Embedded_Linux_Project/ros2_ws/build/emli_package/build/lib/emli_package
[4.516s] running install
[4.518s] /usr/lib/python3/dist-packages/setuptools/command/install.py:34: SetuptoolsDeprecationWarning: setup.py install is deprecated. Use build and pip and other standards-based tools.
[4.518s]   warnings.warn(
[4.519s] running install_lib
[4.522s] creating /home/pi/Embedded_Linux_Project/ros2_ws/install/emli_package/lib/python3.10/site-packages/emli_package
[4.522s] copying /home/pi/Embedded_Linux_Project/ros2_ws/build/emli_package/build/lib/emli_package/emli_node.py -> /home/pi/Embedded_Linux_Project/ros2_ws/install/emli_package/lib/python3.10/site-packages/emli_package
[4.523s] copying /home/pi/Embedded_Linux_Project/ros2_ws/build/emli_package/build/lib/emli_package/__init__.py -> /home/pi/Embedded_Linux_Project/ros2_ws/install/emli_package/lib/python3.10/site-packages/emli_package
[4.525s] byte-compiling /home/pi/Embedded_Linux_Project/ros2_ws/install/emli_package/lib/python3.10/site-packages/emli_package/emli_node.py to emli_node.cpython-310.pyc
[4.527s] byte-compiling /home/pi/Embedded_Linux_Project/ros2_ws/install/emli_package/lib/python3.10/site-packages/emli_package/__init__.py to __init__.cpython-310.pyc
[4.528s] running install_data
[4.530s] creating /home/pi/Embedded_Linux_Project/ros2_ws/install/emli_package/share/ament_index
[4.531s] creating /home/pi/Embedded_Linux_Project/ros2_ws/install/emli_package/share/ament_index/resource_index
[4.531s] creating /home/pi/Embedded_Linux_Project/ros2_ws/install/emli_package/share/ament_index/resource_index/packages
[4.532s] copying resource/emli_package -> /home/pi/Embedded_Linux_Project/ros2_ws/install/emli_package/share/ament_index/resource_index/packages
[4.532s] copying package.xml -> /home/pi/Embedded_Linux_Project/ros2_ws/install/emli_package/share/emli_package
[4.532s] running install_egg_info
[4.539s] Copying ../../build/emli_package/emli_package.egg-info to /home/pi/Embedded_Linux_Project/ros2_ws/install/emli_package/lib/python3.10/site-packages/emli_package-0.0.0-py3.10.egg-info
[4.544s] running install_scripts
[4.621s] Installing emli_node script to /home/pi/Embedded_Linux_Project/ros2_ws/install/emli_package/lib/emli_package
[4.623s] writing list of installed files to '/home/pi/Embedded_Linux_Project/ros2_ws/build/emli_package/install.log'
[4.742s] Invoked command in '/home/pi/Embedded_Linux_Project/ros2_ws/src/emli_package' returned '0': PYTHONPATH=/home/pi/Embedded_Linux_Project/ros2_ws/build/emli_package/prefix_override:/home/pi/Embedded_Linux_Project/ros2_ws/install/emli_package/lib/python3.10/site-packages:${PYTHONPATH} /usr/bin/python3 setup.py egg_info --egg-base ../../build/emli_package build --build-base /home/pi/Embedded_Linux_Project/ros2_ws/build/emli_package/build install --record /home/pi/Embedded_Linux_Project/ros2_ws/build/emli_package/install.log --single-version-externally-managed
